This is pdfTeX, Version 3.141592653-2.6-1.40.26 (TeX Live 2024) (preloaded format=pdflatex 2024.4.3)  24 FEB 2026 00:54
entering extended mode
 restricted \write18 enabled.
 %&-line parsing enabled.
**article.tex
(./article.tex
LaTeX2e <2023-11-01> patch level 1
L3 programming layer <2024-02-20>
(/usr/local/texlive/2024/texmf-dist/tex/latex/hyperref/xr-hyper.sty
Package: xr-hyper 2024-01-20 v7.01h eXternal References (DPC)
)
(./siamonline250211.cls
Document Class: siamonline250211 2025/02/11 v1.6.5 LaTeX document e-class
(/usr/local/texlive/2024/texmf-dist/tex/latex/amsmath/amsmath.sty
Package: amsmath 2023/05/13 v2.17o AMS math features
\@mathmargin=\skip48

For additional information on amsmath, use the `?' option.
(/usr/local/texlive/2024/texmf-dist/tex/latex/amsmath/amstext.sty
Package: amstext 2021/08/26 v2.01 AMS text

(/usr/local/texlive/2024/texmf-dist/tex/latex/amsmath/amsgen.sty
File: amsgen.sty 1999/11/30 v2.0 generic functions
\@emptytoks=\toks17
\ex@=\dimen140
))
(/usr/local/texlive/2024/texmf-dist/tex/latex/amsmath/amsbsy.sty
Package: amsbsy 1999/11/29 v1.2d Bold Symbols
\pmbraise@=\dimen141
)
(/usr/local/texlive/2024/texmf-dist/tex/latex/amsmath/amsopn.sty
Package: amsopn 2022/04/08 v2.04 operator names
)
\inf@bad=\count188
LaTeX Info: Redefining \frac on input line 234.
\uproot@=\count189
\leftroot@=\count190
LaTeX Info: Redefining \overline on input line 399.
LaTeX Info: Redefining \colon on input line 410.
\classnum@=\count191
\DOTSCASE@=\count192
LaTeX Info: Redefining \ldots on input line 496.
LaTeX Info: Redefining \dots on input line 499.
LaTeX Info: Redefining \cdots on input line 620.
\Mathstrutbox@=\box51
\strutbox@=\box52
LaTeX Info: Redefining \big on input line 722.
LaTeX Info: Redefining \Big on input line 723.
LaTeX Info: Redefining \bigg on input line 724.
LaTeX Info: Redefining \Bigg on input line 725.
\big@size=\dimen142
LaTeX Font Info:    Redeclaring font encoding OML on input line 743.
LaTeX Font Info:    Redeclaring font encoding OMS on input line 744.
\macc@depth=\count193
LaTeX Info: Redefining \bmod on input line 905.
LaTeX Info: Redefining \pmod on input line 910.
LaTeX Info: Redefining \smash on input line 940.
LaTeX Info: Redefining \relbar on input line 970.
LaTeX Info: Redefining \Relbar on input line 971.
\c@MaxMatrixCols=\count194
\dotsspace@=\muskip16
\c@parentequation=\count195
\dspbrk@lvl=\count196
\tag@help=\toks18
\row@=\count197
\column@=\count198
\maxfields@=\count199
\andhelp@=\toks19
\eqnshift@=\dimen143
\alignsep@=\dimen144
\tagshift@=\dimen145
\tagwidth@=\dimen146
\totwidth@=\dimen147
\lineht@=\dimen148
\@envbody=\toks20
\multlinegap=\skip49
\multlinetaggap=\skip50
\mathdisplay@stack=\toks21
LaTeX Info: Redefining \[ on input line 2953.
LaTeX Info: Redefining \] on input line 2954.
)
(/usr/local/texlive/2024/texmf-dist/tex/latex/ntheorem/ntheorem.sty
Style `ntheorem', Version 1.33 <2011/08/15>
Package: ntheorem 2011/08/15 1.33
(/usr/local/texlive/2024/texmf-dist/tex/latex/base/ifthen.sty
Package: ifthen 2022/04/13 v1.1d Standard LaTeX ifthen package (DPC)
)
\theorem@style=\toks22
\theorem@@style=\toks23
\theorembodyfont=\toks24
\theoremnumbering=\toks25
\theorempreskipamount=\skip51
\theorempostskipamount=\skip52
\theoremframepreskipamount=\skip53
\theoremframepostskipamount=\skip54
\theoreminframepreskipamount=\skip55
\theoreminframepostskipamount=\skip56
\theorem@preskip=\toks26
\theorem@postskip=\toks27
\theorem@framepreskip=\toks28
\theorem@framepostskip=\toks29
\theorem@inframepreskip=\toks30
\theorem@inframepostskip=\toks31
\theoremindent=\dimen149
\theorem@indent=\dimen150
\theoremrightindent=\dimen151
\theorem@rightindent=\dimen152
\theoremheaderfont=\toks32
\theoremseparator=\toks33
\theoremprework=\toks34
\theorempostwork=\toks35
\theoremsymbol=\toks36
\qedsymbol=\toks37
\theoremkeyword=\toks38
\qedsymbol=\toks39
\thm@topsep=\skip57
\thm@topsepadd=\skip58
Package ntheorem Info: Option `thmmarks' loaded on input line 1175.
\c@endNonectr=\count266
\c@currNonectr=\count267
\mysavskip=\skip59
Package ntheorem Info: option `amsmath' handling for `thmmarks' loaded on input
 line 1175.
\thm@amstmpdepth=\dimen153
\tagwidth=\dimen154
)
\fromfoliotocopyright=\skip60
\c@section=\count268
\c@subsection=\count269
\c@subsubsection=\count270
\c@paragraph=\count271
\c@subparagraph=\count272
\c@rmnum=\count273
\c@muni=\count274
\@sectionspace=\skip61
\@negsectionspace=\skip62
\c@figure=\count275
\c@table=\count276
\abovecaptionskip=\skip63
\belowcaptionskip=\skip64
\bibindent=\dimen155

(/usr/local/texlive/2024/texmf-dist/tex/generic/iftex/ifpdf.sty
Package: ifpdf 2019/10/25 v3.4 ifpdf legacy package. Use iftex instead.

(/usr/local/texlive/2024/texmf-dist/tex/generic/iftex/iftex.sty
Package: iftex 2022/02/03 v1.0f TeX engine tests
))
(/usr/local/texlive/2024/texmf-dist/tex/latex/hyperref/hyperref.sty
Package: hyperref 2024-01-20 v7.01h Hypertext links for LaTeX

(/usr/local/texlive/2024/texmf-dist/tex/latex/graphics/keyval.sty
Package: keyval 2022/05/29 v1.15 key=value parser (DPC)
\KV@toks@=\toks40
)
(/usr/local/texlive/2024/texmf-dist/tex/latex/kvsetkeys/kvsetkeys.sty
Package: kvsetkeys 2022-10-05 v1.19 Key value parser (HO)
)
(/usr/local/texlive/2024/texmf-dist/tex/generic/kvdefinekeys/kvdefinekeys.sty
Package: kvdefinekeys 2019-12-19 v1.6 Define keys (HO)
)
(/usr/local/texlive/2024/texmf-dist/tex/generic/pdfescape/pdfescape.sty
Package: pdfescape 2019/12/09 v1.15 Implements pdfTeX's escape features (HO)

(/usr/local/texlive/2024/texmf-dist/tex/generic/ltxcmds/ltxcmds.sty
Package: ltxcmds 2023-12-04 v1.26 LaTeX kernel commands for general use (HO)
)
(/usr/local/texlive/2024/texmf-dist/tex/generic/pdftexcmds/pdftexcmds.sty
Package: pdftexcmds 2020-06-27 v0.33 Utility functions of pdfTeX for LuaTeX (HO
)

(/usr/local/texlive/2024/texmf-dist/tex/generic/infwarerr/infwarerr.sty
Package: infwarerr 2019/12/03 v1.5 Providing info/warning/error messages (HO)
)
Package pdftexcmds Info: \pdf@primitive is available.
Package pdftexcmds Info: \pdf@ifprimitive is available.
Package pdftexcmds Info: \pdfdraftmode found.
))
(/usr/local/texlive/2024/texmf-dist/tex/latex/hycolor/hycolor.sty
Package: hycolor 2020-01-27 v1.10 Color options for hyperref/bookmark (HO)
)
(/usr/local/texlive/2024/texmf-dist/tex/latex/auxhook/auxhook.sty
Package: auxhook 2019-12-17 v1.6 Hooks for auxiliary files (HO)
)
(/usr/local/texlive/2024/texmf-dist/tex/latex/hyperref/nameref.sty
Package: nameref 2023-11-26 v2.56 Cross-referencing by name of section

(/usr/local/texlive/2024/texmf-dist/tex/latex/refcount/refcount.sty
Package: refcount 2019/12/15 v3.6 Data extraction from label references (HO)
)
(/usr/local/texlive/2024/texmf-dist/tex/generic/gettitlestring/gettitlestring.s
ty
Package: gettitlestring 2019/12/15 v1.6 Cleanup title references (HO)
 (/usr/local/texlive/2024/texmf-dist/tex/latex/kvoptions/kvoptions.sty
Package: kvoptions 2022-06-15 v3.15 Key value format for package options (HO)
))
\c@section@level=\count277
)
(/usr/local/texlive/2024/texmf-dist/tex/latex/etoolbox/etoolbox.sty
Package: etoolbox 2020/10/05 v2.5k e-TeX tools for LaTeX (JAW)
\etb@tempcnta=\count278
)
\@linkdim=\dimen156
\Hy@linkcounter=\count279
\Hy@pagecounter=\count280

(/usr/local/texlive/2024/texmf-dist/tex/latex/hyperref/pd1enc.def
File: pd1enc.def 2024-01-20 v7.01h Hyperref: PDFDocEncoding definition (HO)
Now handling font encoding PD1 ...
... no UTF-8 mapping file for font encoding PD1
)
(/usr/local/texlive/2024/texmf-dist/tex/generic/intcalc/intcalc.sty
Package: intcalc 2019/12/15 v1.3 Expandable calculations with integers (HO)
)
\Hy@SavedSpaceFactor=\count281

(/usr/local/texlive/2024/texmf-dist/tex/latex/hyperref/puenc.def
File: puenc.def 2024-01-20 v7.01h Hyperref: PDF Unicode definition (HO)
Now handling font encoding PU ...
... no UTF-8 mapping file for font encoding PU
)
Package hyperref Info: Hyper figures OFF on input line 4179.
Package hyperref Info: Link nesting OFF on input line 4184.
Package hyperref Info: Hyper index ON on input line 4187.
Package hyperref Info: Plain pages OFF on input line 4194.
Package hyperref Info: Backreferencing OFF on input line 4199.
Package hyperref Info: Implicit mode ON; LaTeX internals redefined.
Package hyperref Info: Bookmarks ON on input line 4446.
\c@Hy@tempcnt=\count282

(/usr/local/texlive/2024/texmf-dist/tex/latex/url/url.sty
\Urlmuskip=\muskip17
Package: url 2013/09/16  ver 3.4  Verb mode for urls, etc.
)
LaTeX Info: Redefining \url on input line 4784.
\XeTeXLinkMargin=\dimen157

(/usr/local/texlive/2024/texmf-dist/tex/generic/bitset/bitset.sty
Package: bitset 2019/12/09 v1.3 Handle bit-vector datatype (HO)

(/usr/local/texlive/2024/texmf-dist/tex/generic/bigintcalc/bigintcalc.sty
Package: bigintcalc 2019/12/15 v1.5 Expandable calculations on big integers (HO
)
))
\Fld@menulength=\count283
\Field@Width=\dimen158
\Fld@charsize=\dimen159
Package hyperref Info: Hyper figures OFF on input line 6063.
Package hyperref Info: Link nesting OFF on input line 6068.
Package hyperref Info: Hyper index ON on input line 6071.
Package hyperref Info: backreferencing OFF on input line 6078.
Package hyperref Info: Link coloring OFF on input line 6083.
Package hyperref Info: Link coloring with OCG OFF on input line 6088.
Package hyperref Info: PDF/A mode OFF on input line 6093.

(/usr/local/texlive/2024/texmf-dist/tex/latex/base/atbegshi-ltx.sty
Package: atbegshi-ltx 2021/01/10 v1.0c Emulation of the original atbegshi
package with kernel methods
)
\Hy@abspage=\count284
\c@Item=\count285
\c@Hfootnote=\count286
)
Package hyperref Info: Driver (autodetected): hpdftex.

(/usr/local/texlive/2024/texmf-dist/tex/latex/hyperref/hpdftex.def
File: hpdftex.def 2024-01-20 v7.01h Hyperref driver for pdfTeX

(/usr/local/texlive/2024/texmf-dist/tex/latex/base/atveryend-ltx.sty
Package: atveryend-ltx 2020/08/19 v1.0a Emulation of the original atveryend pac
kage
with kernel methods
)
\Fld@listcount=\count287
\c@bookmark@seq@number=\count288

(/usr/local/texlive/2024/texmf-dist/tex/latex/rerunfilecheck/rerunfilecheck.sty
Package: rerunfilecheck 2022-07-10 v1.10 Rerun checks for auxiliary files (HO)

(/usr/local/texlive/2024/texmf-dist/tex/generic/uniquecounter/uniquecounter.sty
Package: uniquecounter 2019/12/15 v1.4 Provide unlimited unique counter (HO)
)
Package uniquecounter Info: New unique counter `rerunfilecheck' on input line 2
85.
)
\Hy@SectionHShift=\skip65
)
Package hyperref Info: Option `colorlinks' set `false' on input line 1393.
Package hyperref Info: Option `frenchlinks' set `false' on input line 1393.
Package hyperref Info: Option `naturalnames' set `false' on input line 1393.
Package hyperref Info: Option `hypertexnames' set `false' on input line 1393.
Package hyperref Info: Option `breaklinks' set `true' on input line 1393.
 (/usr/local/texlive/2024/texmf-dist/tex/latex/xcolor/xcolor.sty
Package: xcolor 2023/11/15 v3.01 LaTeX color extensions (UK)

(/usr/local/texlive/2024/texmf-dist/tex/latex/graphics-cfg/color.cfg
File: color.cfg 2016/01/02 v1.6 sample color configuration
)
Package xcolor Info: Driver file: pdftex.def on input line 274.

(/usr/local/texlive/2024/texmf-dist/tex/latex/graphics-def/pdftex.def
File: pdftex.def 2022/09/22 v1.2b Graphics/color driver for pdftex
)
(/usr/local/texlive/2024/texmf-dist/tex/latex/graphics/mathcolor.ltx)
Package xcolor Info: Model `cmy' substituted by `cmy0' on input line 1350.
Package xcolor Info: Model `hsb' substituted by `rgb' on input line 1354.
Package xcolor Info: Model `RGB' extended on input line 1366.
Package xcolor Info: Model `HTML' substituted by `rgb' on input line 1368.
Package xcolor Info: Model `Hsb' substituted by `hsb' on input line 1369.
Package xcolor Info: Model `tHsb' substituted by `hsb' on input line 1370.
Package xcolor Info: Model `HSB' substituted by `hsb' on input line 1371.
Package xcolor Info: Model `Gray' substituted by `gray' on input line 1372.
Package xcolor Info: Model `wave' substituted by `hsb' on input line 1373.
)
(/usr/local/texlive/2024/texmf-dist/tex/latex/graphics/graphics.sty
Package: graphics 2022/03/10 v1.4e Standard LaTeX Graphics (DPC,SPQR)

(/usr/local/texlive/2024/texmf-dist/tex/latex/graphics/trig.sty
Package: trig 2021/08/11 v1.11 sin cos tan (DPC)
)
(/usr/local/texlive/2024/texmf-dist/tex/latex/graphics-cfg/graphics.cfg
File: graphics.cfg 2016/06/04 v1.11 sample graphics configuration
)
Package graphics Info: Driver file: pdftex.def on input line 107.
)
(/usr/local/texlive/2024/texmf-dist/tex/latex/graphics/graphicx.sty
Package: graphicx 2021/09/16 v1.2d Enhanced LaTeX Graphics (DPC,SPQR)
\Gin@req@height=\dimen160
\Gin@req@width=\dimen161
)
(/usr/local/texlive/2024/texmf-dist/tex/latex/epstopdf-pkg/epstopdf.sty
Package: epstopdf 2020-01-24 v2.11 Conversion with epstopdf on the fly (HO)

(/usr/local/texlive/2024/texmf-dist/tex/latex/grfext/grfext.sty
Package: grfext 2019/12/03 v1.3 Manage graphics extensions (HO)
)
(/usr/local/texlive/2024/texmf-dist/tex/latex/epstopdf-pkg/epstopdf-base.sty
Package: epstopdf-base 2020-01-24 v2.11 Base part for package epstopdf
Package epstopdf-base Info: Redefining graphics rule for `.eps' on input line 4
85.
Package grfext Info: Graphics extension search list:
(grfext)             [.pdf,.png,.jpg,.mps,.jpeg,.jbig2,.jb2,.PDF,.PNG,.JPG,.JPE
G,.JBIG2,.JB2,.eps]
(grfext)             \AppendGraphicsExtensions on input line 504.

(/usr/local/texlive/2024/texmf-dist/tex/latex/latexconfig/epstopdf-sys.cfg
File: epstopdf-sys.cfg 2010/07/13 v1.3 Configuration of (r)epstopdf for TeX Liv
e
)))
Package hyperref Info: Option `colorlinks' set `true' on input line 1442.

(/usr/local/texlive/2024/texmf-dist/tex/latex/oberdiek/hypcap.sty
Package: hypcap 2016/05/16 v1.12 Adjusting the anchors of captions (HO)

(/usr/local/texlive/2024/texmf-dist/tex/latex/letltxmacro/letltxmacro.sty
Package: letltxmacro 2019/12/03 v1.6 Let assignment for LaTeX macros (HO)
))
(/usr/local/texlive/2024/texmf-dist/tex/latex/algorithms/algorithm.sty
Package: algorithm 2009/08/24 v0.1 Document Style `algorithm' - floating enviro
nment

(/usr/local/texlive/2024/texmf-dist/tex/latex/float/float.sty
Package: float 2001/11/08 v1.3d Float enhancements (AL)
\c@float@type=\count289
\float@exts=\toks41
\float@box=\box53
\@float@everytoks=\toks42
\@floatcapt=\box54
)
\@float@every@algorithm=\toks43
\c@algorithm=\count290
)
(/usr/local/texlive/2024/texmf-dist/tex/latex/cleveref/cleveref.sty
Package: cleveref 2018/03/27 v0.21.4 Intelligent cross-referencing
Package cleveref Info: `hyperref' support loaded on input line 2370.
LaTeX Info: Redefining \cref on input line 2370.
LaTeX Info: Redefining \Cref on input line 2370.
LaTeX Info: Redefining \crefrange on input line 2370.
LaTeX Info: Redefining \Crefrange on input line 2370.
LaTeX Info: Redefining \cpageref on input line 2370.
LaTeX Info: Redefining \Cpageref on input line 2370.
LaTeX Info: Redefining \cpagerefrange on input line 2370.
LaTeX Info: Redefining \Cpagerefrange on input line 2370.
LaTeX Info: Redefining \labelcref on input line 2370.
LaTeX Info: Redefining \labelcpageref on input line 2370.
Package cleveref Info: `ntheorem' support loaded on input line 3055.
Package cleveref Info: always capitalise cross-reference names on input line 78
30.
Package cleveref Info: include cross-reference names in hyperlinks on input lin
e 7836.
Package cleveref Info: always capitalise cross-reference names on input line 78
52.
Package cleveref Info: include cross-reference names in hyperlinks on input lin
e 7852.
)
\c@currproofctr=\count291
\c@endproofctr=\count292
\c@proof=\count293
\c@currtheoremctr=\count294
\c@endtheoremctr=\count295
\c@theorem=\count296
\c@currlemmactr=\count297
\c@endlemmactr=\count298
\c@currcorollaryctr=\count299
\c@endcorollaryctr=\count300
\c@currpropositionctr=\count301
\c@endpropositionctr=\count302
\c@currdefinitionctr=\count303
\c@enddefinitionctr=\count304

(/usr/local/texlive/2024/texmf-dist/tex/latex/lineno/lineno.sty
Package: lineno 2023/05/20 line numbers on paragraphs v5.3
\linenopenalty=\count305
\output=\toks44
\linenoprevgraf=\count306
\linenumbersep=\dimen162
\linenumberwidth=\dimen163
\c@linenumber=\count307
\c@pagewiselinenumber=\count308
\c@LN@truepage=\count309
\c@internallinenumber=\count310
\c@internallinenumbers=\count311
\quotelinenumbersep=\dimen164
\bframerule=\dimen165
\bframesep=\dimen166
\bframebox=\box55
\linenoamsmath@ams@eqpen=\count312
LaTeX Info: Redefining \\ on input line 3180.
)) (./shared.tex (/usr/local/texlive/2024/texmf-dist/tex/latex/subfig/subfig.st
y
Package: subfig 2005/06/28 ver: 1.3 subfig package

(/usr/local/texlive/2024/texmf-dist/tex/latex/caption/caption3.sty
Package: caption3 2023/07/31 v2.4d caption3 kernel (AR)
\caption@tempdima=\dimen167
\captionmargin=\dimen168
\caption@leftmargin=\dimen169
\caption@rightmargin=\dimen170
\caption@width=\dimen171
\caption@indent=\dimen172
\caption@parindent=\dimen173
\caption@hangindent=\dimen174
Package caption Info: Unknown document class (or package),
(caption)             standard defaults will be used.
Package caption Info: \@makecaption = \long macro:#1#2->\footnotesize \setlengt
h {\parindent }{1.5pc} \ifx \@captype \@figtxt \vskip \abovecaptionskip \setbox
 \@tempboxa \hbox {{\normalfont \color {header1}\HLsmall #1.} {\normalfont \its
hape #2}}\ifdim \wd \@tempboxa >\hsize {\normalfont \color {header1}\HLsmall #1
.} {\normalfont \itshape #2}\par \else \global \@minipagefalse \hb@xt@ \hsize {
\hfil \box \@tempboxa \hfil }\fi \else \hbox to\hsize {\hfil {\normalfont \colo
r {header1}\HLsmall #1}\hfil }\setbox \@tempboxa \hbox {{\normalfont \itshape #
2}}\ifdim \wd \@tempboxa >\hsize {\normalfont \itshape #2}\par \else \global \@
minipagefalse \hb@xt@ \hsize {\hfil \box \@tempboxa \hfil }\fi \vskip \belowcap
tionskip \fi  on input line 1175.
)
\c@KVtest=\count313
\sf@farskip=\skip66
\sf@captopadj=\dimen175
\sf@capskip=\skip67
\sf@nearskip=\skip68
\c@subfigure=\count314
\c@subfigure@save=\count315
\c@lofdepth=\count316
\c@subtable=\count317
\c@subtable@save=\count318
\c@lotdepth=\count319
\sf@top=\skip69
\sf@bottom=\skip70
)
(/usr/local/texlive/2024/texmf-dist/tex/latex/amsfonts/amssymb.sty
Package: amssymb 2013/01/14 v3.01 AMS font symbols

(/usr/local/texlive/2024/texmf-dist/tex/latex/amsfonts/amsfonts.sty
Package: amsfonts 2013/01/14 v3.01 Basic AMSFonts support
\symAMSa=\mathgroup4
\symAMSb=\mathgroup5
LaTeX Font Info:    Redeclaring math symbol \hbar on input line 98.
LaTeX Font Info:    Overwriting math alphabet `\mathfrak' in version `bold'
(Font)                  U/euf/m/n --> U/euf/b/n on input line 106.
))
(/usr/local/texlive/2024/texmf-dist/tex/latex/enumitem/enumitem.sty
Package: enumitem 2019/06/20 v3.9 Customized lists
\labelindent=\skip71
\enit@outerparindent=\dimen176
\enit@toks=\toks45
\enit@inbox=\box56
\enit@count@id=\count320
\enitdp@description=\count321
)
(/usr/local/texlive/2024/texmf-dist/tex/latex/lipsum/lipsum.sty
(/usr/local/texlive/2024/texmf-dist/tex/latex/l3packages/l3keys2e/l3keys2e.sty
(/usr/local/texlive/2024/texmf-dist/tex/latex/l3kernel/expl3.sty
Package: expl3 2024-02-20 L3 programming layer (loader) 

(/usr/local/texlive/2024/texmf-dist/tex/latex/l3backend/l3backend-pdftex.def
File: l3backend-pdftex.def 2024-02-20 L3 backend support: PDF output (pdfTeX)
\l__color_backend_stack_int=\count322
\l__pdf_internal_box=\box57
))
Package: l3keys2e 2024-02-18 LaTeX2e option processing using LaTeX3 keys
)
Package: lipsum 2021-09-20 v2.7 150 paragraphs of Lorem Ipsum dummy text
\g__lipsum_par_int=\count323
\l__lipsum_a_int=\count324
\l__lipsum_b_int=\count325
(/usr/local/texlive/2024/texmf-dist/tex/latex/lipsum/lipsum.ltd.tex))
(/usr/local/texlive/2024/texmf-dist/tex/latex/algorithms/algorithmic.sty
Package: algorithmic 2009/08/24 v0.1 Document Style `algorithmic'
\c@ALC@unique=\count326
\c@ALC@line=\count327
\c@ALC@rem=\count328
\c@ALC@depth=\count329
\ALC@tlm=\skip72
\algorithmicindent=\skip73
)
\c@currremarkctr=\count330
\c@endremarkctr=\count331
\c@currhypothesisctr=\count332
\c@endhypothesisctr=\count333
\c@currclaimctr=\count334
\c@endclaimctr=\count335
\c@currfactctr=\count336
\c@endfactctr=\count337
\c@currassumptionctr=\count338
\c@endassumptionctr=\count339


! LaTeX Error: Command \definition already defined.
               Or name \end... illegal, see p.192 of the manual.

See the LaTeX manual or LaTeX Companion for explanation.
Type  H <return>  for immediate help.
 ...                                              
                                                  
l.46 \newsiamthm{definition}{Definition}
                                        
Your command was ignored.
Type  I <command> <return>  to replace it with another command,
or  <return>  to continue without it.

)

Package xr Warning: 
No file supplement.aux
LABELS NOT IMPORTED.
 on input line 27.

No file article.aux.
\openout1 = `article.aux'.

LaTeX Font Info:    Checking defaults for OML/cmm/m/it on input line 42.
LaTeX Font Info:    ... okay on input line 42.
LaTeX Font Info:    Checking defaults for OMS/cmsy/m/n on input line 42.
LaTeX Font Info:    ... okay on input line 42.
LaTeX Font Info:    Checking defaults for OT1/cmr/m/n on input line 42.
LaTeX Font Info:    ... okay on input line 42.
LaTeX Font Info:    Checking defaults for T1/cmr/m/n on input line 42.
LaTeX Font Info:    ... okay on input line 42.
LaTeX Font Info:    Checking defaults for TS1/cmr/m/n on input line 42.
LaTeX Font Info:    ... okay on input line 42.
LaTeX Font Info:    Checking defaults for OMX/cmex/m/n on input line 42.
LaTeX Font Info:    ... okay on input line 42.
LaTeX Font Info:    Checking defaults for U/cmr/m/n on input line 42.
LaTeX Font Info:    ... okay on input line 42.
LaTeX Font Info:    Checking defaults for PD1/pdf/m/n on input line 42.
LaTeX Font Info:    ... okay on input line 42.
LaTeX Font Info:    Checking defaults for PU/pdf/m/n on input line 42.
LaTeX Font Info:    ... okay on input line 42.
Package hyperref Info: Link coloring ON on input line 42.
\@outlinefile=\write3
\openout3 = `article.out'.

(/usr/local/texlive/2024/texmf-dist/tex/context/base/mkii/supp-pdf.mkii
[Loading MPS to PDF converter (version 2006.09.02).]
\scratchcounter=\count340
\scratchdimen=\dimen177
\scratchbox=\box58
\nofMPsegments=\count341
\nofMParguments=\count342
\everyMPshowfont=\toks46
\MPscratchCnt=\count343
\MPscratchDim=\dimen178
\MPnumerator=\count344
\makeMPintoPDFobject=\count345
\everyMPtoPDFconversion=\toks47
)
Package caption Info: Begin \AtBeginDocument code.
Package caption Info: subfig package v1.3 is loaded.
Package caption Info: End \AtBeginDocument code.
LaTeX Font Info:    Trying to load font information for U+msa on input line 45.

 (/usr/local/texlive/2024/texmf-dist/tex/latex/amsfonts/umsa.fd
File: umsa.fd 2013/01/14 v3.01 AMS symbols A
)
LaTeX Font Info:    Trying to load font information for U+msb on input line 45.


(/usr/local/texlive/2024/texmf-dist/tex/latex/amsfonts/umsb.fd
File: umsb.fd 2013/01/14 v3.01 AMS symbols B
)

LaTeX Warning: Citation `KouwL21' on page 1 undefined on input line 66.


LaTeX Warning: Citation `Azizzadenesheli19' on page 1 undefined on input line 6
6.


LaTeX Warning: Citation `Combes0WG20' on page 1 undefined on input line 66.


LaTeX Warning: Citation `SinghalWRK23' on page 1 undefined on input line 66.


LaTeX Warning: Citation `HuangSGBS06' on page 1 undefined on input line 67.


LaTeX Warning: Citation `SunCPY11' on page 1 undefined on input line 67.


LaTeX Warning: Citation `DaumeIII07' on page 1 undefined on input line 67.


LaTeX Warning: Citation `DaumeKS10' on page 1 undefined on input line 67.


LaTeX Warning: Citation `DuanXT12' on page 1 undefined on input line 67.


LaTeX Warning: Citation `BaktashmotlaghHLS13' on page 1 undefined on input line
 67.


LaTeX Warning: Citation `PanTKY11' on page 1 undefined on input line 67.


LaTeX Warning: Citation `YaoPNLM15' on page 1 undefined on input line 67.


LaTeX Warning: Citation `SinghalWRK23' on page 1 undefined on input line 67.


LaTeX Warning: Citation `WangD18' on page 1 undefined on input line 67.


LaTeX Warning: Citation `LongCWJ15' on page 1 undefined on input line 67.


LaTeX Warning: Citation `TzengHZSD14' on page 1 undefined on input line 67.


LaTeX Warning: Citation `GhifaryKZ14' on page 1 undefined on input line 67.


LaTeX Warning: Citation `ZengSRGFZ25' on page 1 undefined on input line 67.


LaTeX Warning: Citation `WangYXWZW23' on page 1 undefined on input line 67.


LaTeX Warning: Citation `DXiaLZSL25' on page 1 undefined on input line 67.


LaTeX Warning: Citation `YangZLLLC25' on page 1 undefined on input line 67.


LaTeX Warning: Citation `GaninUAGLLML16' on page 1 undefined on input line 67.


LaTeX Warning: Citation `TzengHSD17' on page 1 undefined on input line 67.


LaTeX Warning: Citation `TangJ20' on page 1 undefined on input line 67.


LaTeX Warning: Citation `ZonooziS23' on page 1 undefined on input line 67.


LaTeX Warning: Citation `GhifaryKZBL16' on page 1 undefined on input line 67.


LaTeX Warning: Citation `BousmalisTSKE16' on page 1 undefined on input line 67.



LaTeX Warning: Citation `ZonooziSD25' on page 1 undefined on input line 67.

[1

{/usr/local/texlive/2024/texmf-var/fonts/map/pdftex/updmap/pdftex.map}]

LaTeX Warning: Citation `LongCWJ15' on page 2 undefined on input line 69.


LaTeX Warning: Citation `SunS16' on page 2 undefined on input line 69.


LaTeX Warning: Citation `CourtyFTR17' on page 2 undefined on input line 69.


LaTeX Warning: Citation `DamodaranKFTC18' on page 2 undefined on input line 69.



LaTeX Warning: Citation `HamriBF25' on page 2 undefined on input line 69.


LaTeX Warning: Citation `SinghalWRK23' on page 2 undefined on input line 69.


LaTeX Warning: Citation `ZonooziS23' on page 2 undefined on input line 69.


LaTeX Warning: Citation `RedkoMHS20' on page 2 undefined on input line 74.


LaTeX Warning: Citation `BenDavidBCP06' on page 2 undefined on input line 74.


LaTeX Warning: Citation `MansourMR09' on page 2 undefined on input line 74.


LaTeX Warning: Citation `ZhangLLJ19' on page 2 undefined on input line 74.


LaTeX Warning: Citation `DhouibRL20' on page 2 undefined on input line 74.


LaTeX Warning: Citation `WangM24' on page 2 undefined on input line 74.


LaTeX Warning: Citation `ZhouTPT19' on page 2 undefined on input line 74.


LaTeX Warning: Citation `FangLLZ23' on page 2 undefined on input line 74.


LaTeX Warning: Citation `WangS15' on page 2 undefined on input line 74.


LaTeX Warning: Citation `ZhouTPT19' on page 2 undefined on input line 74.


LaTeX Warning: Citation `WangS15' on page 2 undefined on input line 74.


LaTeX Warning: Citation `TomerWH16' on page 2 undefined on input line 74.


LaTeX Warning: Citation `McNamaraB17' on page 2 undefined on input line 74.


LaTeX Warning: Citation `JiaoLLY24' on page 2 undefined on input line 74.


LaTeX Warning: Citation `AnthonyB02' on page 2 undefined on input line 74.


LaTeX Warning: Citation `NeyshaburTS15' on page 2 undefined on input line 74.


LaTeX Warning: Citation `WeiM19' on page 2 undefined on input line 74.


LaTeX Warning: Citation `VardiSS22' on page 2 undefined on input line 74.


LaTeX Warning: Citation `DanielyG24' on page 2 undefined on input line 74.


Underfull \vbox (badness 10000) has occurred while \output is active []


Overfull \vbox (3.04993pt too high) has occurred while \output is active []


[2]

LaTeX Warning: Reference `sec:gen_bounds' on page 1 undefined on input line 82.



LaTeX Warning: Reference `ssec:gen_bnd_arb_dist' on page 1 undefined on input l
ine 82.


LaTeX Warning: Reference `thm:gen_defect_target' on page 1 undefined on input l
ine 82.


LaTeX Warning: Reference `ssec_gen_bnd_mmd' on page 1 undefined on input line 8
4.


LaTeX Warning: Reference `thm:main_result_mmd' on page 1 undefined on input lin
e 84.


LaTeX Warning: Reference `ssec_adv_da_net' on page 1 undefined on input line 86
.


LaTeX Warning: Reference `ssec_samp_comp_mmd_net' on page 1 undefined on input 
line 86.


LaTeX Warning: Citation `LongCWJ15' on page 3 undefined on input line 86.


LaTeX Warning: Citation `TzengHZSD14' on page 3 undefined on input line 86.


LaTeX Warning: Citation `GhifaryKZ14' on page 3 undefined on input line 86.


LaTeX Warning: Citation `GaninUAGLLML16' on page 3 undefined on input line 86.


LaTeX Warning: Citation `TzengHSD17' on page 3 undefined on input line 86.


LaTeX Warning: Citation `TangJ20' on page 3 undefined on input line 86.


LaTeX Warning: Reference `thm_main_result_dann' on page 1 undefined on input li
ne 86.


LaTeX Warning: Reference `thm_main_result_da_mmd' on page 1 undefined on input 
line 86.


LaTeX Warning: Reference `thm:main_result_mmd' on page 1 undefined on input lin
e 86.


LaTeX Warning: Reference `sec_rel_work' on page 1 undefined on input line 92.


LaTeX Warning: Reference `sec:exp_results' on page 1 undefined on input line 92
.


LaTeX Warning: Reference `sec:conclusion' on page 1 undefined on input line 92.



LaTeX Warning: Citation `Vural18' on page 3 undefined on input line 92.


LaTeX Warning: Reference `ssec:gen_bnd_arb_dist' on page 1 undefined on input l
ine 92.


Overfull \vbox (14.04993pt too high) has occurred while \output is active []


[3]

LaTeX Warning: Reference `sec:intro' on page 1 undefined on input line 129.


LaTeX Warning: Reference `ssec:gen_bnd_arb_dist' on page 1 undefined on input l
ine 129.


LaTeX Warning: Reference `ssec_gen_bnd_mmd' on page 1 undefined on input line 1
29.

<figures/illus_domain_relation_a.pdf, id=37, 633.3154pt x 369.31476pt>
File: figures/illus_domain_relation_a.pdf Graphic file (type pdf)
<use figures/illus_domain_relation_a.pdf>
Package pdftex.def Info: figures/illus_domain_relation_a.pdf  used on input lin
e 150.
(pdftex.def)             Requested size: 177.81041pt x 103.68918pt.
<figures/illus_domain_relation_b.pdf, id=38, 624.98055pt x 428.63167pt>
File: figures/illus_domain_relation_b.pdf Graphic file (type pdf)
<use figures/illus_domain_relation_b.pdf>
Package pdftex.def Info: figures/illus_domain_relation_b.pdf  used on input lin
e 152.
(pdftex.def)             Requested size: 177.81041pt x 121.94545pt.

LaTeX Warning: Reference `assum_existence_LLs' on page 1 undefined on input lin
e 153.


LaTeX Warning: Reference `assum_existence_LLs' on page 1 undefined on input lin
e 153.


LaTeX Warning: Reference `eq:obj_learning' on page 4 undefined on input line 15
8.

Package hyperref Info: bookmark level for unknown assumption defaults to 0 on i
nput line 161.

LaTeX Warning: Reference `assum_existence_LLs' on page 1 undefined on input lin
e 171.


LaTeX Warning: Reference `fig:illus_domain_relation' on page 1 undefined on inp
ut line 171.


LaTeX Warning: Reference `fig:illus_domain_relation_a' on page 1 undefined on i
nput line 171.


LaTeX Warning: Reference `fig:illus_domain_relation_b' on page 1 undefined on i
nput line 171.


LaTeX Warning: Reference `assum_existence_LLs' on page 1 undefined on input lin
e 171.


LaTeX Warning: Reference `assum_existence_LLs' on page 1 undefined on input lin
e 171.


Overfull \vbox (3.04993pt too high) has occurred while \output is active []


[4]

LaTeX Warning: Citation `CuckerS02' on page 5 undefined on input line 174.

Package hyperref Info: bookmark level for unknown definition defaults to 0 on i
nput line 177.
LaTeX Font Info:    Trying to load font information for U+euf on input line 177
.
(/usr/local/texlive/2024/texmf-dist/tex/latex/amsfonts/ueuf.fd
File: ueuf.fd 2013/01/14 v3.01 Euler Fraktur
)
Underfull \vbox (badness 1331) has occurred while \output is active []


Overfull \vbox (14.04993pt too high) has occurred while \output is active []


[5 <./figures/illus_domain_relation_a.pdf> <./figures/illus_domain_relation_b.p
df>]

LaTeX Warning: Reference `lem:dev_exptar_expweigh' on page 1 undefined on input
 line 208.


LaTeX Warning: Reference `lem:weight_loss_gen' on page 1 undefined on input lin
e 208.

Package hyperref Info: bookmark level for unknown theorem defaults to 0 on inpu
t line 211.

LaTeX Warning: Reference `assum_HF_comp_Ll_Al' on page 1 undefined on input lin
e 212.


LaTeX Warning: Reference `assum_existence_LLs' on page 1 undefined on input lin
e 212.


LaTeX Warning: Reference `thm:gen_defect_target' on page 1 undefined on input l
ine 230.


LaTeX Warning: Reference `eq:obj_learning' on page 1 undefined on input line 23
0.


LaTeX Warning: Reference `eq_prob_expr_thm1' on page 1 undefined on input line 
230.

! Misplaced alignment tab character &.
<argument> ...\hD (\fs , \ft ) | \geq \epsilon ) &
                                                  \leq (\N _{\Fs , \epsilon ...
l.242 ...tribution distance is chosen as the MMD.}
                                                  
I can't figure out why you would want to use a tab mark
here. If you just want an ampersand, the remedy is
simple: Just type `I\&' now. But if some right brace
up above has ended a previous alignment prematurely,
you're probably due for more error messages, and you
might try typing `S' now just to see what is salvageable.

! Misplaced alignment tab character &.
<recently read> &
                 
l.242 ...tribution distance is chosen as the MMD.}
                                                  
I can't figure out why you would want to use a tab mark
here. If you just want an ampersand, the remedy is
simple: Just type `I\&' now. But if some right brace
up above has ended a previous alignment prematurely,
you're probably due for more error messages, and you
might try typing `S' now just to see what is salvageable.


LaTeX Warning: Reference `thm:gen_defect_target' on page 1 undefined on input l
ine 242.

! Misplaced alignment tab character &.
<argument> ...ution distance as $\Lt (\ft , \h ) &
                                                  \leq \hLw (\fs , \ft , \h ...
l.242 ...tribution distance is chosen as the MMD.}
                                                  
I can't figure out why you would want to use a tab mark
here. If you just want an ampersand, the remedy is
simple: Just type `I\&' now. But if some right brace
up above has ended a previous alignment prematurely,
you're probably due for more error messages, and you
might try typing `S' now just to see what is salvageable.


LaTeX Warning: Reference `ssec_gen_bnd_mmd' on page 1 undefined on input line 2
42.


LaTeX Warning: Reference `ssec:gen_bnd_arb_dist' on page 1 undefined on input l
ine 252.


Overfull \vbox (3.04993pt too high) has occurred while \output is active []


[6]

LaTeX Warning: Reference `eq:defn_D_MMD' on page 7 undefined on input line 274.



LaTeX Warning: Reference `eq:defn_hD_MMD' on page 7 undefined on input line 274
.


Overfull \vbox (14.04993pt too high) has occurred while \output is active []


[7]

LaTeX Warning: Reference `eq:var_bnd_fs_ft' on page 8 undefined on input line 2
97.


LaTeX Warning: Reference `eq:mom_bnd_fs_ft' on page 8 undefined on input line 2
97.


LaTeX Warning: Citation `Yurinski76' on page 8 undefined on input line 303.


LaTeX Warning: Reference `lem:bernstein_src_trg' on page 1 undefined on input l
ine 303.


LaTeX Warning: Reference `lem:unif_bnd_D_hD' on page 1 undefined on input line 
303.


LaTeX Warning: Reference `thm:gen_defect_target' on page 1 undefined on input l
ine 315.


LaTeX Warning: Reference `assum_Fs_Ft_compact' on page 1 undefined on input lin
e 321.


LaTeX Warning: Reference `assum_existence_LLs' on page 1 undefined on input lin
e 321.


LaTeX Warning: Reference `thm:gen_defect_target' on page 1 undefined on input l
ine 338.


LaTeX Warning: Reference `lem:unif_bnd_D_hD' on page 1 undefined on input line 
338.


LaTeX Warning: Reference `thm:main_result_mmd' on page 1 undefined on input lin
e 343.


Overfull \vbox (3.04993pt too high) has occurred while \output is active []


[8]

LaTeX Warning: Reference `sec:gen_bounds' on page 1 undefined on input line 351
.


LaTeX Warning: Reference `ssec_adv_da_net' on page 1 undefined on input line 35
1.


LaTeX Warning: Reference `ssec_samp_comp_mmd_net' on page 1 undefined on input 
line 351.


LaTeX Warning: Reference `thm:main_result_mmd' on page 1 undefined on input lin
e 356.


LaTeX Warning: Reference `fig_illus_mmd_network' on page 1 undefined on input l
ine 356.

<figures/illus_mmd_network.pdf, id=186, 1407.98238pt x 320.57918pt>
File: figures/illus_mmd_network.pdf Graphic file (type pdf)
<use figures/illus_mmd_network.pdf>
Package pdftex.def Info: figures/illus_mmd_network.pdf  used on input line 369.

(pdftex.def)             Requested size: 398.33858pt x 90.69586pt.

LaTeX Warning: Citation `LongCWJ15' on page 9 undefined on input line 370.


LaTeX Warning: Citation `TzengHZSD14' on page 9 undefined on input line 370.


LaTeX Warning: Citation `GhifaryKZ14' on page 9 undefined on input line 370.


LaTeX Warning: Citation `LongCWJ15' on page 9 undefined on input line 370.


LaTeX Warning: Citation `TzengHZSD14' on page 9 undefined on input line 370.


LaTeX Warning: Citation `GhifaryKZ14' on page 9 undefined on input line 370.

! Misplaced alignment tab character &.
l.377 \Thetas&
              =(\boldsymbol{\Theta}^{s1}, \dots, \boldsymbol{\Theta}^{s \num...
I can't figure out why you would want to use a tab mark
here. If you just want an ampersand, the remedy is
simple: Just type `I\&' now. But if some right brace
up above has ended a previous alignment prematurely,
you're probably due for more error messages, and you
might try typing `S' now just to see what is salvageable.

! Misplaced alignment tab character &.
l.377 ...dsymbol{\Theta}^{s \numL})$ and $\Thetat&
                                                  =(\boldsymbol{\Theta}^{t1}...
I can't figure out why you would want to use a tab mark
here. If you just want an ampersand, the remedy is
simple: Just type `I\&' now. But if some right brace
up above has ended a previous alignment prematurely,
you're probably due for more error messages, and you
might try typing `S' now just to see what is salvageable.


Overfull \vbox (14.04993pt too high) has occurred while \output is active []


[9 <./figures/illus_mmd_network.pdf>]

LaTeX Warning: Citation `LongCWJ15' on page 10 undefined on input line 407.


LaTeX Warning: Citation `GrettonBRSS12' on page 10 undefined on input line 407.



LaTeX Warning: Citation `GrettonBRSS12' on page 10 undefined on input line 413.



LaTeX Warning: Citation `GrettonBRSS12' on page 10 undefined on input line 413.



LaTeX Warning: Reference `ssec_gen_bnd_mmd' on page 1 undefined on input line 4
15.


LaTeX Warning: Citation `DunfordS88' on page 10 undefined on input line 426.


LaTeX Warning: Reference `eq_defn_fsl_ftl' on page 10 undefined on input line 4
35.


Overfull \vbox (3.04993pt too high) has occurred while \output is active []


[10]

LaTeX Warning: Reference `lem_fs_ft_measble' on page 1 undefined on input line 
478.


LaTeX Warning: Reference `pf_lem_fs_ft_measble' on page 1 undefined on input li
ne 478.


LaTeX Warning: Reference `ssec_gen_bnd_mmd' on page 1 undefined on input line 4
80.


LaTeX Warning: Citation `LongCWJ15' on page 11 undefined on input line 484.


LaTeX Warning: Citation `TzengHZSD14' on page 11 undefined on input line 484.


LaTeX Warning: Citation `GhifaryKZ14' on page 11 undefined on input line 484.


LaTeX Warning: Reference `eq:defn_D_MMD' on page 11 undefined on input line 497
.


LaTeX Warning: Reference `lem_fs_ft_measble' on page 1 undefined on input line 
503.


LaTeX Warning: Reference `eq:defn_hD_MMD' on page 11 undefined on input line 50
3.


Underfull \vbox (badness 6893) has occurred while \output is active []


Overfull \vbox (14.04993pt too high) has occurred while \output is active []


[11]

LaTeX Warning: Reference `eq_defn_inn_prod_X' on page 12 undefined on input lin
e 514.


LaTeX Warning: Reference `eq_hD2_dda' on page 12 undefined on input line 516.


LaTeX Warning: Citation `WangD18' on page 12 undefined on input line 516.


LaTeX Warning: Citation `LongCWJ15' on page 12 undefined on input line 516.


LaTeX Warning: Citation `TzengHZSD14' on page 12 undefined on input line 516.


LaTeX Warning: Citation `GhifaryKZ14' on page 12 undefined on input line 516.


LaTeX Warning: Reference `ssec_gen_bnd_mmd' on page 1 undefined on input line 5
28.


LaTeX Warning: Reference `thm:main_result_mmd' on page 1 undefined on input lin
e 528.


LaTeX Warning: Reference `thm:main_result_mmd' on page 1 undefined on input lin
e 528.


LaTeX Warning: Reference `eq_defn_hsl_htl' on page 12 undefined on input line 5
43.


LaTeX Warning: Reference `eq_defn_hsl_htl' on page 12 undefined on input line 5
58.


LaTeX Warning: Reference `eq_assum_kernel_lip_cont' on page 12 undefined on inp
ut line 581.


LaTeX Warning: Reference `eq_Lipcont_act' on page 12 undefined on input line 58
1.


LaTeX Warning: Reference `sec_app_lip_nonlinact' on page 1 undefined on input l
ine 581.


LaTeX Warning: Reference `eq_defn_dXs_dXt' on page 12 undefined on input line 5
81.


LaTeX Warning: Reference `eq_defn_ds_dt' on page 12 undefined on input line 581
.


LaTeX Warning: Reference `lem_Fs_Ft_HFs_HFt_comp' on page 1 undefined on input 
line 581.


Overfull \vbox (3.04993pt too high) has occurred while \output is active []


[12]

LaTeX Warning: Reference `lem_cov_num_HFs_HFt' on page 1 undefined on input lin
e 583.


LaTeX Warning: Reference `lem_cov_num_Fs_Ft' on page 1 undefined on input line 
583.

Package hyperref Info: bookmark level for unknown corollary defaults to 0 on in
put line 589.

LaTeX Warning: Reference `cor_covnum_rate' on page 1 undefined on input line 60
4.


LaTeX Warning: Reference `pf_cor_covnum_rate' on page 1 undefined on input line
 604.


LaTeX Warning: Reference `cor_covnum_rate' on page 1 undefined on input line 60
4.


LaTeX Warning: Reference `thm:main_result_mmd' on page 1 undefined on input lin
e 604.


LaTeX Warning: Reference `thm_main_result_da_mmd' on page 1 undefined on input 
line 604.


LaTeX Warning: Reference `pf_thm_main_result_da_mmd' on page 1 undefined on inp
ut line 604.


LaTeX Warning: Reference `eq_obj_learning_mmd' on page 13 undefined on input li
ne 613.


LaTeX Warning: Reference `assum_fx_bdd_moments' on page 1 undefined on input li
ne 613.


LaTeX Warning: Reference `assum_existence_LLs' on page 1 undefined on input lin
e 613.


LaTeX Warning: Reference `assum_Ax_Atheta' on page 13 undefined on input line 6
13.


LaTeX Warning: Reference `assum_bnd_act_val_op' on page 13 undefined on input l
ine 613.


Overfull \vbox (14.04993pt too high) has occurred while \output is active []


[13]

LaTeX Warning: Reference `thm_main_result_da_mmd' on page 1 undefined on input 
line 651.


LaTeX Warning: Reference `sec_app_crossent' on page 14 undefined on input line 
651.

<figures/illus_ddan_network.pdf, id=399, 1794.73674pt x 730.53456pt>
File: figures/illus_ddan_network.pdf Graphic file (type pdf)
<use figures/illus_ddan_network.pdf>
Package pdftex.def Info: figures/illus_ddan_network.pdf  used on input line 659
.
(pdftex.def)             Requested size: 369.88582pt x 150.55199pt.

LaTeX Warning: Reference `fig_illus_ddan_network' on page 1 undefined on input 
line 666.


LaTeX Warning: Citation `GaninUAGLLML16' on page 14 undefined on input line 679
.


LaTeX Warning: Citation `TzengHSD17' on page 14 undefined on input line 679.


LaTeX Warning: Citation `LongC0J18' on page 14 undefined on input line 679.


Overfull \vbox (3.04993pt too high) has occurred while \output is active []


[14 <./figures/illus_ddan_network.pdf>]

LaTeX Warning: Reference `eq_emp_cl_loss' on page 15 undefined on input line 69
5.


LaTeX Warning: Reference `ssec_samp_comp_mmd_net' on page 1 undefined on input 
line 725.


LaTeX Warning: Reference `ssec_samp_comp_mmd_net' on page 1 undefined on input 
line 725.


LaTeX Warning: Reference `eq_Gs_Gt_defn_dl' on page 15 undefined on input line 
725.


LaTeX Warning: Reference `eq_defn_hsl_htl' on page 15 undefined on input line 7
25.


LaTeX Warning: Citation `SinghalWRK23' on page 15 undefined on input line 725.


LaTeX Warning: Citation `TzengHSD17' on page 15 undefined on input line 725.


LaTeX Warning: Reference `fig_illus_ddan_network' on page 1 undefined on input 
line 725.


LaTeX Warning: Reference `sec:exp_results' on page 1 undefined on input line 72
5.


LaTeX Warning: Citation `GaninUAGLLML16' on page 15 undefined on input line 728
.


LaTeX Warning: Citation `TzengHSD17' on page 15 undefined on input line 728.


LaTeX Warning: Reference `assum_Ax_Atheta' on page 1 undefined on input line 74
3.


Overfull \vbox (14.04993pt too high) has occurred while \output is active []


[15]

LaTeX Warning: Reference `assum_ddan_bdd' on page 1 undefined on input line 771
.


LaTeX Warning: Citation `GaninUAGLLML16' on page 16 undefined on input line 771
.


LaTeX Warning: Citation `TzengHDS15' on page 16 undefined on input line 771.

! Misplaced alignment tab character &.
l.773 \Vs &
           = \Dspace \circ \Fs =
I can't figure out why you would want to use a tab mark
here. If you just want an ampersand, the remedy is
simple: Just type `I\&' now. But if some right brace
up above has ended a previous alignment prematurely,
you're probably due for more error messages, and you
might try typing `S' now just to see what is salvageable.

! Misplaced alignment tab character &.
l.777 \Vt &
           = \Dspace \circ \Ft =
I can't figure out why you would want to use a tab mark
here. If you just want an ampersand, the remedy is
simple: Just type `I\&' now. But if some right brace
up above has ended a previous alignment prematurely,
you're probably due for more error messages, and you
might try typing `S' now just to see what is salvageable.


LaTeX Warning: Reference `lem_ddan_hddan_dev' on page 1 undefined on input line
 790.


LaTeX Warning: Reference `lem:unif_bnd_D_hD' on page 1 undefined on input line 
790.

<figures/illus_ddan_bad_align.pdf, id=664, 918.19397pt x 764.44206pt>
File: figures/illus_ddan_bad_align.pdf Graphic file (type pdf)
<use figures/illus_ddan_bad_align.pdf>
Package pdftex.def Info: figures/illus_ddan_bad_align.pdf  used on input line 8
25.
(pdftex.def)             Requested size: 155.5892pt x 129.53351pt.
<figures/illus_ddan_good_align.pdf, id=665, 707.62366pt x 616.97304pt>
File: figures/illus_ddan_good_align.pdf Graphic file (type pdf)
<use figures/illus_ddan_good_align.pdf>
Package pdftex.def Info: figures/illus_ddan_good_align.pdf  used on input line 
827.
(pdftex.def)             Requested size: 155.5892pt x 135.65916pt.

LaTeX Warning: Reference `assum_existence_LLsdan' on page 1 undefined on input 
line 828.


LaTeX Warning: Reference `assum_existence_LLsdan' on page 1 undefined on input 
line 828.


LaTeX Warning: Reference `assum_actddan_cont_Lip' on page 1 undefined on input 
line 853.


LaTeX Warning: Reference `assum_Lk_Leta' on page 1 undefined on input line 853.



LaTeX Warning: Reference `assum_krl_actl_cont' on page 1 undefined on input lin
e 853.


LaTeX Warning: Reference `assum_bnd_act_val_op_ddan' on page 1 undefined on inp
ut line 854.


LaTeX Warning: Reference `assum_bnd_act_val_op' on page 1 undefined on input li
ne 854.


Overfull \vbox (3.04993pt too high) has occurred while \output is active []


[16]

LaTeX Warning: Reference `assum_existence_LLsdan' on page 1 undefined on input 
line 868.


LaTeX Warning: Reference `assum_existence_LLs' on page 1 undefined on input lin
e 868.


LaTeX Warning: Reference `fig_illus_domain_ddan' on page 1 undefined on input l
ine 868.


LaTeX Warning: Reference `eq_ddan_obj_func' on page 17 undefined on input line 
878.


LaTeX Warning: Reference `assum_existence_LLsdan' on page 1 undefined on input 
line 878.


LaTeX Warning: Reference `assum_Ax_Atheta' on page 1 undefined on input line 87
8.


LaTeX Warning: Reference `assum_bnd_act_val_op' on page 17 undefined on input l
ine 878.


LaTeX Warning: Reference `assum_bnd_act_val_op_ddan' on page 17 undefined on in
put line 878.


Overfull \vbox (14.04993pt too high) has occurred while \output is active []


[17 <./figures/illus_ddan_bad_align.pdf> <./figures/illus_ddan_good_align.pdf>]

LaTeX Warning: Reference `thm_main_result_dann' on page 1 undefined on input li
ne 927.


LaTeX Warning: Reference `pf_thm_main_result_dann' on page 1 undefined on input
 line 927.


LaTeX Warning: Reference `thm_main_result_dann' on page 1 undefined on input li
ne 927.


LaTeX Warning: Reference `thm_main_result_da_mmd' on page 1 undefined on input 
line 927.


LaTeX Warning: Reference `thm_main_result_da_mmd' on page 1 undefined on input 
line 927.


LaTeX Warning: Reference `fig_illus_ddan_network' on page 1 undefined on input 
line 928.


LaTeX Warning: Reference `eq_alpha_exrp_thm_ddan' on page 18 undefined on input
 line 928.


LaTeX Warning: Reference `fig_illus_ddan_network' on page 1 undefined on input 
line 930.


LaTeX Warning: Reference `eq_alpha_exrp_thm_ddan' on page 18 undefined on input
 line 930.


Overfull \vbox (3.04993pt too high) has occurred while \output is active []


[18]

LaTeX Warning: Citation `BenDavidBCP06' on page 19 undefined on input line 944.



LaTeX Warning: Citation `BenDavidBCP06' on page 19 undefined on input line 951.



LaTeX Warning: Citation `BenDavidBCKPV10' on page 19 undefined on input line 95
9.


LaTeX Warning: Citation `BenDavidBCKPV10' on page 19 undefined on input line 97
7.


Overfull \vbox (14.04993pt too high) has occurred while \output is active []


[19]

LaTeX Warning: Citation `MansourMR09' on page 20 undefined on input line 979.


LaTeX Warning: Citation `RedkoMHS20' on page 20 undefined on input line 981.


LaTeX Warning: Citation `DengGHML23' on page 20 undefined on input line 981.


LaTeX Warning: Citation `ZhangLLJ19' on page 20 undefined on input line 981.


LaTeX Warning: Citation `ZellingerMS21' on page 20 undefined on input line 981.



LaTeX Warning: Citation `DhouibRL20' on page 20 undefined on input line 981.


LaTeX Warning: Citation `WangM23' on page 20 undefined on input line 981.


LaTeX Warning: Citation `WuMAZ24' on page 20 undefined on input line 981.


LaTeX Warning: Citation `WangM24' on page 20 undefined on input line 981.


LaTeX Warning: Citation `SiciliaAAH22' on page 20 undefined on input line 981.


LaTeX Warning: Reference `thm:main_result_mmd' on page 20 undefined on input li
ne 982.


LaTeX Warning: Reference `thm_main_result_dann' on page 20 undefined on input l
ine 982.


LaTeX Warning: Citation `GrettonBRSS12' on page 20 undefined on input line 986.



LaTeX Warning: Reference `lem:bernstein_src_trg' on page 1 undefined on input l
ine 986.


LaTeX Warning: Citation `Yurinski76' on page 20 undefined on input line 986.


LaTeX Warning: Reference `lem:unif_bnd_D_hD' on page 1 undefined on input line 
986.


LaTeX Warning: Citation `GrettonBRSS12' on page 20 undefined on input line 986.



LaTeX Warning: Citation `ZhouTPT19' on page 20 undefined on input line 990.


LaTeX Warning: Citation `WangS15' on page 20 undefined on input line 992.


Underfull \vbox (badness 10000) has occurred while \output is active []


Overfull \vbox (3.04993pt too high) has occurred while \output is active []


[20]

LaTeX Warning: Citation `FangLLZ23' on page 21 undefined on input line 1000.


LaTeX Warning: Citation `WangMSX23' on page 21 undefined on input line 1003.


LaTeX Warning: Citation `MohriM12' on page 21 undefined on input line 1009.


LaTeX Warning: Citation `TomerWH16' on page 21 undefined on input line 1009.


LaTeX Warning: Citation `JiaoLLY24' on page 21 undefined on input line 1009.


LaTeX Warning: Citation `McNamaraB17' on page 21 undefined on input line 1009.


LaTeX Warning: Citation `TripuraneniJJ20' on page 21 undefined on input line 10
09.


LaTeX Warning: Citation `AnthonyB02' on page 21 undefined on input line 1016.


LaTeX Warning: Citation `BartlettMR21' on page 21 undefined on input line 1016.



LaTeX Warning: Citation `AnthonyB02' on page 21 undefined on input line 1018.


LaTeX Warning: Reference `eq_samp_comp_Bartlett_NN' on page 21 undefined on inp
ut line 1027.


LaTeX Warning: Reference `thm_main_result_dann' on page 1 undefined on input li
ne 1027.


LaTeX Warning: Reference `thm_main_result_da_mmd' on page 1 undefined on input 
line 1027.


Overfull \vbox (14.04993pt too high) has occurred while \output is active []


[21]

LaTeX Warning: Citation `NeyshaburTS15' on page 22 undefined on input line 1029
.


LaTeX Warning: Citation `WeiM19' on page 22 undefined on input line 1029.


LaTeX Warning: Citation `NeyshaburBS18' on page 22 undefined on input line 1029
.


LaTeX Warning: Citation `GolowichRS18' on page 22 undefined on input line 1029.



LaTeX Warning: Citation `BartlettFT17' on page 22 undefined on input line 1029.



LaTeX Warning: Citation `HarveyLM17' on page 22 undefined on input line 1029.


LaTeX Warning: Citation `VardiSS22' on page 22 undefined on input line 1029.


LaTeX Warning: Citation `DanielyG24' on page 22 undefined on input line 1029.


LaTeX Warning: Reference `sec_detailed_exp_results' on page 1 undefined on inpu
t line 1037.


LaTeX Warning: Reference `ssec_exp_gen_da_detailed' on page 1 undefined on inpu
t line 1043.


LaTeX Warning: Reference `fig:toy_error_Mt' on page 1 undefined on input line 1
045.


LaTeX Warning: Reference `thm:gen_defect_target' on page 1 undefined on input l
ine 1045.


LaTeX Warning: Reference `fig:toy_error_tau' on page 1 undefined on input line 
1045.


LaTeX Warning: Reference `thm:gen_defect_target' on page 1 undefined on input l
ine 1045.


LaTeX Warning: Citation `MITCBCL' on page 22 undefined on input line 1047.


LaTeX Warning: Citation `FernandoHST13' on page 22 undefined on input line 1047
.


LaTeX Warning: Reference `ssec_exp_gen_da_detailed' on page 1 undefined on inpu
t line 1047.


LaTeX Warning: Reference `fig:mit_error_Ms' on page 1 undefined on input line 1
047.


LaTeX Warning: Reference `fig:mit_error_Mt' on page 1 undefined on input line 1
047.


LaTeX Warning: Reference `thm_main_result_dann' on page 1 undefined on input li
ne 1053.


LaTeX Warning: Reference `thm_main_result_da_mmd' on page 1 undefined on input 
line 1053.


LaTeX Warning: Citation `mnist' on page 22 undefined on input line 1053.


LaTeX Warning: Citation `mnistm' on page 22 undefined on input line 1053.


LaTeX Warning: Reference `ssec_exp_dan_detailed' on page 1 undefined on input l
ine 1053.


Underfull \vbox (badness 10000) has occurred while \output is active []


Overfull \vbox (3.04993pt too high) has occurred while \output is active []


[22]

LaTeX Warning: Citation `LongCWJ15' on page 23 undefined on input line 1058.


LaTeX Warning: Citation `KaracaAAAAUV23' on page 23 undefined on input line 105
8.


LaTeX Warning: Reference `fig_mmd_results_L' on page 1 undefined on input line 
1060.


LaTeX Warning: Reference `fig_mmd_results_d' on page 1 undefined on input line 
1060.


LaTeX Warning: Reference `thm_main_result_da_mmd' on page 1 undefined on input 
line 1060.


LaTeX Warning: Reference `fig_mmd_results_alpha' on page 1 undefined on input l
ine 1062.


LaTeX Warning: Reference `thm_main_result_da_mmd' on page 1 undefined on input 
line 1062.


LaTeX Warning: Citation `GaninUAGLLML16' on page 23 undefined on input line 106
8.


LaTeX Warning: Reference `ssec_exp_dan_detailed' on page 1 undefined on input l
ine 1070.


LaTeX Warning: Citation `fungtion_DANN_py3' on page 23 undefined on input line 
1070.


LaTeX Warning: Reference `fig_adv_results_L' on page 23 undefined on input line
 1072.


LaTeX Warning: Reference `fig_adv_results_d' on page 23 undefined on input line
 1072.


LaTeX Warning: Reference `thm_main_result_dann' on page 1 undefined on input li
ne 1072.


LaTeX Warning: Reference `fig_adv_results_alpha' on page 1 undefined on input l
ine 1072.

<figures/toy_error_Mt_alpha.pdf, id=891, 374.53467pt x 315.31372pt>
File: figures/toy_error_Mt_alpha.pdf Graphic file (type pdf)
<use figures/toy_error_Mt_alpha.pdf>
Package pdftex.def Info: figures/toy_error_Mt_alpha.pdf  used on input line 107
7.
(pdftex.def)             Requested size: 177.81041pt x 149.69377pt.
<figures/toy_error_tau_alpha.pdf, id=892, 367.86163pt x 315.27626pt>
File: figures/toy_error_tau_alpha.pdf Graphic file (type pdf)
<use figures/toy_error_tau_alpha.pdf>
Package pdftex.def Info: figures/toy_error_tau_alpha.pdf  used on input line 10
79.
(pdftex.def)             Requested size: 177.81041pt x 152.38924pt.
<figures/mit_error_Mt.pdf, id=893, 515.1753pt x 412.95078pt>
File: figures/mit_error_Mt.pdf Graphic file (type pdf)
<use figures/mit_error_Mt.pdf>
Package pdftex.def Info: figures/mit_error_Mt.pdf  used on input line 1081.
(pdftex.def)             Requested size: 177.81041pt x 142.52487pt.
<figures/mit_error_Ms.pdf, id=894, 469.64647pt x 382.31822pt>
File: figures/mit_error_Ms.pdf Graphic file (type pdf)
<use figures/mit_error_Ms.pdf>
Package pdftex.def Info: figures/mit_error_Ms.pdf  used on input line 1083.
(pdftex.def)             Requested size: 177.81041pt x 144.74573pt.
<figures/mmd-layer-Ms-linefit.pdf, id=895, 226.90646pt x 171.69144pt>
File: figures/mmd-layer-Ms-linefit.pdf Graphic file (type pdf)
<use figures/mmd-layer-Ms-linefit.pdf>
Package pdftex.def Info: figures/mmd-layer-Ms-linefit.pdf  used on input line 1
129.
(pdftex.def)             Requested size: 177.81041pt x 134.55014pt.
<figures/mmd-layer-Ms-quadprog.pdf, id=896, 228.81007pt x 171.69144pt>
File: figures/mmd-layer-Ms-quadprog.pdf Graphic file (type pdf)
<use figures/mmd-layer-Ms-quadprog.pdf>
Package pdftex.def Info: figures/mmd-layer-Ms-quadprog.pdf  used on input line 
1132.
(pdftex.def)             Requested size: 177.81041pt x 133.42886pt.
<figures/mmd-layer-Ns-linefit.pdf, id=897, 231.92522pt x 171.69144pt>
File: figures/mmd-layer-Ns-linefit.pdf Graphic file (type pdf)
<use figures/mmd-layer-Ns-linefit.pdf>
Package pdftex.def Info: figures/mmd-layer-Ns-linefit.pdf  used on input line 1
134.
(pdftex.def)             Requested size: 177.81041pt x 131.63168pt.
<figures/mmd-layer-Ns-quadprog.pdf, id=898, 221.66815pt x 182.79543pt>
File: figures/mmd-layer-Ns-quadprog.pdf Graphic file (type pdf)
<use figures/mmd-layer-Ns-quadprog.pdf>
Package pdftex.def Info: figures/mmd-layer-Ns-quadprog.pdf  used on input line 
1137.
(pdftex.def)             Requested size: 177.81041pt x 146.63539pt.

LaTeX Warning: Citation `LongCWJ15' on page 23 undefined on input line 1138.


LaTeX Warning: Citation `LongCWJ15' on page 23 undefined on input line 1138.

<figures/mmd-dim-Ms-linefit.pdf, id=899, 226.90646pt x 171.69144pt>
File: figures/mmd-dim-Ms-linefit.pdf Graphic file (type pdf)
<use figures/mmd-dim-Ms-linefit.pdf>
Package pdftex.def Info: figures/mmd-dim-Ms-linefit.pdf  used on input line 114
6.
(pdftex.def)             Requested size: 177.81041pt x 134.55014pt.
<figures/mmd-dim-Ms-quadprog.pdf, id=900, 223.67564pt x 171.69144pt>
File: figures/mmd-dim-Ms-quadprog.pdf Graphic file (type pdf)
<use figures/mmd-dim-Ms-quadprog.pdf>
Package pdftex.def Info: figures/mmd-dim-Ms-quadprog.pdf  used on input line 11
48.
(pdftex.def)             Requested size: 177.81041pt x 136.48618pt.
<figures/adv-layer-Ms-linefit.pdf, id=901, 226.90646pt x 171.69144pt>
File: figures/adv-layer-Ms-linefit.pdf Graphic file (type pdf)
<use figures/adv-layer-Ms-linefit.pdf>
Package pdftex.def Info: figures/adv-layer-Ms-linefit.pdf  used on input line 1
162.
(pdftex.def)             Requested size: 177.81041pt x 134.55014pt.
<figures/adv-layer-Ms-quadprog.pdf, id=902, 223.67564pt x 174.28386pt>
File: figures/adv-layer-Ms-quadprog.pdf Graphic file (type pdf)
<use figures/adv-layer-Ms-quadprog.pdf>
Package pdftex.def Info: figures/adv-layer-Ms-quadprog.pdf  used on input line 
1164.
(pdftex.def)             Requested size: 177.81041pt x 138.54701pt.
<figures/adv-layer-Ns-linefit.pdf, id=903, 226.90646pt x 171.69144pt>
File: figures/adv-layer-Ns-linefit.pdf Graphic file (type pdf)
<use figures/adv-layer-Ns-linefit.pdf>
Package pdftex.def Info: figures/adv-layer-Ns-linefit.pdf  used on input line 1
166.
(pdftex.def)             Requested size: 177.81041pt x 134.55014pt.
<figures/adv-layer-Ns-quadprog.pdf, id=904, 221.66815pt x 182.79543pt>
File: figures/adv-layer-Ns-quadprog.pdf Graphic file (type pdf)
<use figures/adv-layer-Ns-quadprog.pdf>
Package pdftex.def Info: figures/adv-layer-Ns-quadprog.pdf  used on input line 
1168.
(pdftex.def)             Requested size: 177.81041pt x 146.63539pt.
<figures/mmd-optalpha-quadfit_Ms234.pdf, id=905, 227.53883pt x 171.69144pt>
File: figures/mmd-optalpha-quadfit_Ms234.pdf Graphic file (type pdf)
<use figures/mmd-optalpha-quadfit_Ms234.pdf>
Package pdftex.def Info: figures/mmd-optalpha-quadfit_Ms234.pdf  used on input 
line 1177.
(pdftex.def)             Requested size: 177.81041pt x 134.17027pt.
<figures/mmd-optalpha-asqrtx_fit_den_Mss.pdf, id=906, 226.68689pt x 171.81691pt
>
File: figures/mmd-optalpha-asqrtx_fit_den_Mss.pdf Graphic file (type pdf)
<use figures/mmd-optalpha-asqrtx_fit_den_Mss.pdf>
Package pdftex.def Info: figures/mmd-optalpha-asqrtx_fit_den_Mss.pdf  used on i
nput line 1179.
(pdftex.def)             Requested size: 177.81041pt x 134.77954pt.
<figures/adv-dcm-Ms-linefit.pdf, id=907, 226.90646pt x 172.73701pt>
File: figures/adv-dcm-Ms-linefit.pdf Graphic file (type pdf)
<use figures/adv-dcm-Ms-linefit.pdf>
Package pdftex.def Info: figures/adv-dcm-Ms-linefit.pdf  used on input line 119
1.
(pdftex.def)             Requested size: 177.81041pt x 135.36954pt.
<figures/adv-dcm-Ms-quadprog.pdf, id=908, 223.67564pt x 171.69144pt>
File: figures/adv-dcm-Ms-quadprog.pdf Graphic file (type pdf)
<use figures/adv-dcm-Ms-quadprog.pdf>
Package pdftex.def Info: figures/adv-dcm-Ms-quadprog.pdf  used on input line 11
93.
(pdftex.def)             Requested size: 177.81041pt x 136.48618pt.
<figures/adv-dcm-Ns-linefit.pdf, id=909, 226.90646pt x 171.69144pt>
File: figures/adv-dcm-Ns-linefit.pdf Graphic file (type pdf)
<use figures/adv-dcm-Ns-linefit.pdf>
Package pdftex.def Info: figures/adv-dcm-Ns-linefit.pdf  used on input line 119
5.
(pdftex.def)             Requested size: 177.81041pt x 134.55014pt.
<figures/adv-dcm-Ns-quadprog.pdf, id=910, 221.66815pt x 182.79543pt>
File: figures/adv-dcm-Ns-quadprog.pdf Graphic file (type pdf)
<use figures/adv-dcm-Ns-quadprog.pdf>
Package pdftex.def Info: figures/adv-dcm-Ns-quadprog.pdf  used on input line 11
97.
(pdftex.def)             Requested size: 177.81041pt x 146.63539pt.
<figures/adv-optalpha-quadfit_Ms240.pdf, id=911, 227.53883pt x 171.69144pt>
File: figures/adv-optalpha-quadfit_Ms240.pdf Graphic file (type pdf)
<use figures/adv-optalpha-quadfit_Ms240.pdf>
Package pdftex.def Info: figures/adv-optalpha-quadfit_Ms240.pdf  used on input 
line 1206.
(pdftex.def)             Requested size: 177.81041pt x 134.17027pt.
<figures/adv-optalpha-asqrtx_fit_den_Mss.pdf, id=912, 226.68689pt x 171.81691pt
>
File: figures/adv-optalpha-asqrtx_fit_den_Mss.pdf Graphic file (type pdf)
<use figures/adv-optalpha-asqrtx_fit_den_Mss.pdf>
Package pdftex.def Info: figures/adv-optalpha-asqrtx_fit_den_Mss.pdf  used on i
nput line 1208.
(pdftex.def)             Requested size: 177.81041pt x 134.77954pt.

Overfull \vbox (14.04993pt too high) has occurred while \output is active []


[23]
Overfull \vbox (3.04993pt too high) has occurred while \output is active []


[24 <./figures/toy_error_Mt_alpha.pdf> <./figures/toy_error_tau_alpha.pdf> <./f
igures/mit_error_Mt.pdf> <./figures/mit_error_Ms.pdf>]

LaTeX Warning: Text page 25 contains only floats.


Overfull \vbox (14.04993pt too high) has occurred while \output is active []


[25 <./figures/mmd-layer-Ms-linefit.pdf> <./figures/mmd-layer-Ms-quadprog.pdf> 
<./figures/mmd-layer-Ns-linefit.pdf> <./figures/mmd-layer-Ns-quadprog.pdf> <./f
igures/mmd-dim-Ms-linefit.pdf> <./figures/mmd-dim-Ms-quadprog.pdf>]

LaTeX Warning: Text page 26 contains only floats.


Overfull \vbox (3.04993pt too high) has occurred while \output is active []


[26 <./figures/adv-layer-Ms-linefit.pdf> <./figures/adv-layer-Ms-quadprog.pdf> 
<./figures/adv-layer-Ns-linefit.pdf> <./figures/adv-layer-Ns-quadprog.pdf> <./f
igures/mmd-optalpha-quadfit_Ms234.pdf> <./figures/mmd-optalpha-asqrtx_fit_den_M
ss.pdf>]
Overfull \vbox (14.04993pt too high) has occurred while \output is active []


[27 <./figures/adv-dcm-Ms-linefit.pdf> <./figures/adv-dcm-Ms-quadprog.pdf> <./f
igures/adv-dcm-Ns-linefit.pdf> <./figures/adv-dcm-Ns-quadprog.pdf>]
Overfull \vbox (3.04993pt too high) has occurred while \output is active []


[28 <./figures/adv-optalpha-quadfit_Ms240.pdf> <./figures/adv-optalpha-asqrtx_f
it_den_Mss.pdf>]
No file article.bbl.
\tf@thm=\write4
\openout4 = `article.thm'.

(./article.aux)
 ***********
LaTeX2e <2023-11-01> patch level 1
L3 programming layer <2024-02-20>
 ***********


LaTeX Warning: There were undefined references.


LaTeX Warning: Label(s) may have changed. Rerun to get cross-references right.


Package rerunfilecheck Warning: File `article.out' has changed.
(rerunfilecheck)                Rerun to get outlines right
(rerunfilecheck)                or use package `bookmark'.

Package rerunfilecheck Info: Checksums for `article.out':
(rerunfilecheck)             Before: <no file>
(rerunfilecheck)             After:  167DA2AD919E28F27F52B57F0008A99D;4722.
 ) 
Here is how much of TeX's memory you used:
 17548 strings out of 474116
 288093 string characters out of 5743683
 1955187 words of memory out of 5000000
 37961 multiletter control sequences out of 15000+600000
 573510 words of font info for 93 fonts, out of 8000000 for 9000
 2715 hyphenation exceptions out of 8191
 89i,20n,96p,2418b,630s stack positions out of 10000i,1000n,20000p,200000b,200000s
</usr/local/texlive/2024/texmf-dist/fonts/type1/public/amsfonts/cm/cmbx10.pfb
></usr/local/texlive/2024/texmf-dist/fonts/type1/public/amsfonts/cm/cmbx8.pfb><
/usr/local/texlive/2024/texmf-dist/fonts/type1/public/amsfonts/cm/cmbx9.pfb></u
sr/local/texlive/2024/texmf-dist/fonts/type1/public/amsfonts/cm/cmex10.pfb></us
r/local/texlive/2024/texmf-dist/fonts/type1/public/amsfonts/cmextra/cmex9.pfb><
/usr/local/texlive/2024/texmf-dist/fonts/type1/public/amsfonts/cm/cmmi10.pfb></
usr/local/texlive/2024/texmf-dist/fonts/type1/public/amsfonts/cm/cmmi5.pfb></us
r/local/texlive/2024/texmf-dist/fonts/type1/public/amsfonts/cm/cmmi6.pfb></usr/
local/texlive/2024/texmf-dist/fonts/type1/public/amsfonts/cm/cmmi7.pfb></usr/lo
cal/texlive/2024/texmf-dist/fonts/type1/public/amsfonts/cm/cmmi8.pfb></usr/loca
l/texlive/2024/texmf-dist/fonts/type1/public/amsfonts/cm/cmmi9.pfb></usr/local/
texlive/2024/texmf-dist/fonts/type1/public/amsfonts/cm/cmmib10.pfb></usr/local/
texlive/2024/texmf-dist/fonts/type1/public/amsfonts/cm/cmr10.pfb></usr/local/te
xlive/2024/texmf-dist/fonts/type1/public/amsfonts/cm/cmr5.pfb></usr/local/texli
ve/2024/texmf-dist/fonts/type1/public/amsfonts/cm/cmr6.pfb></usr/local/texlive/
2024/texmf-dist/fonts/type1/public/amsfonts/cm/cmr7.pfb></usr/local/texlive/202
4/texmf-dist/fonts/type1/public/amsfonts/cm/cmr8.pfb></usr/local/texlive/2024/t
exmf-dist/fonts/type1/public/amsfonts/cm/cmr9.pfb></usr/local/texlive/2024/texm
f-dist/fonts/type1/public/amsfonts/cm/cmss10.pfb></usr/local/texlive/2024/texmf
-dist/fonts/type1/public/amsfonts/cm/cmss9.pfb></usr/local/texlive/2024/texmf-d
ist/fonts/type1/public/amsfonts/cm/cmssbx10.pfb></usr/local/texlive/2024/texmf-
dist/fonts/type1/public/amsfonts/cm/cmsy10.pfb></usr/local/texlive/2024/texmf-d
ist/fonts/type1/public/amsfonts/cm/cmsy6.pfb></usr/local/texlive/2024/texmf-dis
t/fonts/type1/public/amsfonts/cm/cmsy7.pfb></usr/local/texlive/2024/texmf-dist/
fonts/type1/public/amsfonts/cm/cmsy8.pfb></usr/local/texlive/2024/texmf-dist/fo
nts/type1/public/amsfonts/cm/cmsy9.pfb></usr/local/texlive/2024/texmf-dist/font
s/type1/public/amsfonts/cm/cmti10.pfb></usr/local/texlive/2024/texmf-dist/fonts
/type1/public/amsfonts/cm/cmti9.pfb></usr/local/texlive/2024/texmf-dist/fonts/t
ype1/public/amsfonts/euler/eufm10.pfb></usr/local/texlive/2024/texmf-dist/fonts
/type1/public/amsfonts/symbols/msam10.pfb></usr/local/texlive/2024/texmf-dist/f
onts/type1/public/amsfonts/symbols/msbm10.pfb>
Output written on article.pdf (28 pages, 1383848 bytes).
PDF statistics:
 1749 PDF objects out of 2073 (max. 8388607)
 1144 compressed objects within 12 object streams
 168 named destinations out of 1000 (max. 500000)
 141 words of extra memory for PDF output out of 10000 (max. 10000000)

