This is pdfTeX, Version 3.141592653-2.6-1.40.26 (TeX Live 2024) (preloaded format=pdflatex 2024.4.3)  11 FEB 2026 15:18
entering extended mode
 restricted \write18 enabled.
 file:line:error style messages enabled.
 %&-line parsing enabled.
**ex_article.tex
(./ex_article.tex
LaTeX2e <2023-11-01> patch level 1
L3 programming layer <2024-02-20>
(./siamonline250211.cls
Document Class: siamonline250211 2025/02/11 v1.6.5 LaTeX document e-class
(/usr/local/texlive/2024/texmf-dist/tex/latex/amsmath/amsmath.sty
Package: amsmath 2023/05/13 v2.17o AMS math features
\@mathmargin=\skip48

For additional information on amsmath, use the `?' option.
(/usr/local/texlive/2024/texmf-dist/tex/latex/amsmath/amstext.sty
Package: amstext 2021/08/26 v2.01 AMS text

(/usr/local/texlive/2024/texmf-dist/tex/latex/amsmath/amsgen.sty
File: amsgen.sty 1999/11/30 v2.0 generic functions
\@emptytoks=\toks17
\ex@=\dimen140
))
(/usr/local/texlive/2024/texmf-dist/tex/latex/amsmath/amsbsy.sty
Package: amsbsy 1999/11/29 v1.2d Bold Symbols
\pmbraise@=\dimen141
)
(/usr/local/texlive/2024/texmf-dist/tex/latex/amsmath/amsopn.sty
Package: amsopn 2022/04/08 v2.04 operator names
)
\inf@bad=\count188
LaTeX Info: Redefining \frac on input line 234.
\uproot@=\count189
\leftroot@=\count190
LaTeX Info: Redefining \overline on input line 399.
LaTeX Info: Redefining \colon on input line 410.
\classnum@=\count191
\DOTSCASE@=\count192
LaTeX Info: Redefining \ldots on input line 496.
LaTeX Info: Redefining \dots on input line 499.
LaTeX Info: Redefining \cdots on input line 620.
\Mathstrutbox@=\box51
\strutbox@=\box52
LaTeX Info: Redefining \big on input line 722.
LaTeX Info: Redefining \Big on input line 723.
LaTeX Info: Redefining \bigg on input line 724.
LaTeX Info: Redefining \Bigg on input line 725.
\big@size=\dimen142
LaTeX Font Info:    Redeclaring font encoding OML on input line 743.
LaTeX Font Info:    Redeclaring font encoding OMS on input line 744.
\macc@depth=\count193
LaTeX Info: Redefining \bmod on input line 905.
LaTeX Info: Redefining \pmod on input line 910.
LaTeX Info: Redefining \smash on input line 940.
LaTeX Info: Redefining \relbar on input line 970.
LaTeX Info: Redefining \Relbar on input line 971.
\c@MaxMatrixCols=\count194
\dotsspace@=\muskip16
\c@parentequation=\count195
\dspbrk@lvl=\count196
\tag@help=\toks18
\row@=\count197
\column@=\count198
\maxfields@=\count199
\andhelp@=\toks19
\eqnshift@=\dimen143
\alignsep@=\dimen144
\tagshift@=\dimen145
\tagwidth@=\dimen146
\totwidth@=\dimen147
\lineht@=\dimen148
\@envbody=\toks20
\multlinegap=\skip49
\multlinetaggap=\skip50
\mathdisplay@stack=\toks21
LaTeX Info: Redefining \[ on input line 2953.
LaTeX Info: Redefining \] on input line 2954.
)
(/usr/local/texlive/2024/texmf-dist/tex/latex/ntheorem/ntheorem.sty
Style `ntheorem', Version 1.33 <2011/08/15>
Package: ntheorem 2011/08/15 1.33
(/usr/local/texlive/2024/texmf-dist/tex/latex/base/ifthen.sty
Package: ifthen 2022/04/13 v1.1d Standard LaTeX ifthen package (DPC)
)
\theorem@style=\toks22
\theorem@@style=\toks23
\theorembodyfont=\toks24
\theoremnumbering=\toks25
\theorempreskipamount=\skip51
\theorempostskipamount=\skip52
\theoremframepreskipamount=\skip53
\theoremframepostskipamount=\skip54
\theoreminframepreskipamount=\skip55
\theoreminframepostskipamount=\skip56
\theorem@preskip=\toks26
\theorem@postskip=\toks27
\theorem@framepreskip=\toks28
\theorem@framepostskip=\toks29
\theorem@inframepreskip=\toks30
\theorem@inframepostskip=\toks31
\theoremindent=\dimen149
\theorem@indent=\dimen150
\theoremrightindent=\dimen151
\theorem@rightindent=\dimen152
\theoremheaderfont=\toks32
\theoremseparator=\toks33
\theoremprework=\toks34
\theorempostwork=\toks35
\theoremsymbol=\toks36
\qedsymbol=\toks37
\theoremkeyword=\toks38
\qedsymbol=\toks39
\thm@topsep=\skip57
\thm@topsepadd=\skip58
Package ntheorem Info: Option `thmmarks' loaded on input line 1175.
\c@endNonectr=\count266
\c@currNonectr=\count267
\mysavskip=\skip59
Package ntheorem Info: option `amsmath' handling for `thmmarks' loaded on input
 line 1175.
\thm@amstmpdepth=\dimen153
\tagwidth=\dimen154
)
\fromfoliotocopyright=\skip60
\c@section=\count268
\c@subsection=\count269
\c@subsubsection=\count270
\c@paragraph=\count271
\c@subparagraph=\count272
\c@rmnum=\count273
\c@muni=\count274
\@sectionspace=\skip61
\@negsectionspace=\skip62
\c@figure=\count275
\c@table=\count276
\abovecaptionskip=\skip63
\belowcaptionskip=\skip64
\bibindent=\dimen155

(/usr/local/texlive/2024/texmf-dist/tex/latex/hyperref/xr-hyper.sty
Package: xr-hyper 2024-01-20 v7.01h eXternal References (DPC)
)
(/usr/local/texlive/2024/texmf-dist/tex/generic/iftex/ifpdf.sty
Package: ifpdf 2019/10/25 v3.4 ifpdf legacy package. Use iftex instead.

(/usr/local/texlive/2024/texmf-dist/tex/generic/iftex/iftex.sty
Package: iftex 2022/02/03 v1.0f TeX engine tests
))
(/usr/local/texlive/2024/texmf-dist/tex/latex/hyperref/hyperref.sty
Package: hyperref 2024-01-20 v7.01h Hypertext links for LaTeX

(/usr/local/texlive/2024/texmf-dist/tex/latex/graphics/keyval.sty
Package: keyval 2022/05/29 v1.15 key=value parser (DPC)
\KV@toks@=\toks40
)
(/usr/local/texlive/2024/texmf-dist/tex/latex/kvsetkeys/kvsetkeys.sty
Package: kvsetkeys 2022-10-05 v1.19 Key value parser (HO)
)
(/usr/local/texlive/2024/texmf-dist/tex/generic/kvdefinekeys/kvdefinekeys.sty
Package: kvdefinekeys 2019-12-19 v1.6 Define keys (HO)
)
(/usr/local/texlive/2024/texmf-dist/tex/generic/pdfescape/pdfescape.sty
Package: pdfescape 2019/12/09 v1.15 Implements pdfTeX's escape features (HO)

(/usr/local/texlive/2024/texmf-dist/tex/generic/ltxcmds/ltxcmds.sty
Package: ltxcmds 2023-12-04 v1.26 LaTeX kernel commands for general use (HO)
)
(/usr/local/texlive/2024/texmf-dist/tex/generic/pdftexcmds/pdftexcmds.sty
Package: pdftexcmds 2020-06-27 v0.33 Utility functions of pdfTeX for LuaTeX (HO
)

(/usr/local/texlive/2024/texmf-dist/tex/generic/infwarerr/infwarerr.sty
Package: infwarerr 2019/12/03 v1.5 Providing info/warning/error messages (HO)
)
Package pdftexcmds Info: \pdf@primitive is available.
Package pdftexcmds Info: \pdf@ifprimitive is available.
Package pdftexcmds Info: \pdfdraftmode found.
))
(/usr/local/texlive/2024/texmf-dist/tex/latex/hycolor/hycolor.sty
Package: hycolor 2020-01-27 v1.10 Color options for hyperref/bookmark (HO)
)
(/usr/local/texlive/2024/texmf-dist/tex/latex/auxhook/auxhook.sty
Package: auxhook 2019-12-17 v1.6 Hooks for auxiliary files (HO)
)
(/usr/local/texlive/2024/texmf-dist/tex/latex/hyperref/nameref.sty
Package: nameref 2023-11-26 v2.56 Cross-referencing by name of section

(/usr/local/texlive/2024/texmf-dist/tex/latex/refcount/refcount.sty
Package: refcount 2019/12/15 v3.6 Data extraction from label references (HO)
)
(/usr/local/texlive/2024/texmf-dist/tex/generic/gettitlestring/gettitlestring.s
ty
Package: gettitlestring 2019/12/15 v1.6 Cleanup title references (HO)
 (/usr/local/texlive/2024/texmf-dist/tex/latex/kvoptions/kvoptions.sty
Package: kvoptions 2022-06-15 v3.15 Key value format for package options (HO)
))
\c@section@level=\count277
)
(/usr/local/texlive/2024/texmf-dist/tex/latex/etoolbox/etoolbox.sty
Package: etoolbox 2020/10/05 v2.5k e-TeX tools for LaTeX (JAW)
\etb@tempcnta=\count278
)
\@linkdim=\dimen156
\Hy@linkcounter=\count279
\Hy@pagecounter=\count280

(/usr/local/texlive/2024/texmf-dist/tex/latex/hyperref/pd1enc.def
File: pd1enc.def 2024-01-20 v7.01h Hyperref: PDFDocEncoding definition (HO)
Now handling font encoding PD1 ...
... no UTF-8 mapping file for font encoding PD1
)
(/usr/local/texlive/2024/texmf-dist/tex/generic/intcalc/intcalc.sty
Package: intcalc 2019/12/15 v1.3 Expandable calculations with integers (HO)
)
\Hy@SavedSpaceFactor=\count281

(/usr/local/texlive/2024/texmf-dist/tex/latex/hyperref/puenc.def
File: puenc.def 2024-01-20 v7.01h Hyperref: PDF Unicode definition (HO)
Now handling font encoding PU ...
... no UTF-8 mapping file for font encoding PU
)
Package hyperref Info: Hyper figures OFF on input line 4179.
Package hyperref Info: Link nesting OFF on input line 4184.
Package hyperref Info: Hyper index ON on input line 4187.
Package hyperref Info: Plain pages OFF on input line 4194.
Package hyperref Info: Backreferencing OFF on input line 4199.
Package hyperref Info: Implicit mode ON; LaTeX internals redefined.
Package hyperref Info: Bookmarks ON on input line 4446.
\c@Hy@tempcnt=\count282

(/usr/local/texlive/2024/texmf-dist/tex/latex/url/url.sty
\Urlmuskip=\muskip17
Package: url 2013/09/16  ver 3.4  Verb mode for urls, etc.
)
LaTeX Info: Redefining \url on input line 4784.
\XeTeXLinkMargin=\dimen157

(/usr/local/texlive/2024/texmf-dist/tex/generic/bitset/bitset.sty
Package: bitset 2019/12/09 v1.3 Handle bit-vector datatype (HO)

(/usr/local/texlive/2024/texmf-dist/tex/generic/bigintcalc/bigintcalc.sty
Package: bigintcalc 2019/12/15 v1.5 Expandable calculations on big integers (HO
)
))
\Fld@menulength=\count283
\Field@Width=\dimen158
\Fld@charsize=\dimen159
Package hyperref Info: Hyper figures OFF on input line 6063.
Package hyperref Info: Link nesting OFF on input line 6068.
Package hyperref Info: Hyper index ON on input line 6071.
Package hyperref Info: backreferencing OFF on input line 6078.
Package hyperref Info: Link coloring OFF on input line 6083.
Package hyperref Info: Link coloring with OCG OFF on input line 6088.
Package hyperref Info: PDF/A mode OFF on input line 6093.

(/usr/local/texlive/2024/texmf-dist/tex/latex/base/atbegshi-ltx.sty
Package: atbegshi-ltx 2021/01/10 v1.0c Emulation of the original atbegshi
package with kernel methods
)
\Hy@abspage=\count284
\c@Item=\count285
\c@Hfootnote=\count286
)
Package hyperref Info: Driver (autodetected): hpdftex.

(/usr/local/texlive/2024/texmf-dist/tex/latex/hyperref/hpdftex.def
File: hpdftex.def 2024-01-20 v7.01h Hyperref driver for pdfTeX

(/usr/local/texlive/2024/texmf-dist/tex/latex/base/atveryend-ltx.sty
Package: atveryend-ltx 2020/08/19 v1.0a Emulation of the original atveryend pac
kage
with kernel methods
)
\Fld@listcount=\count287
\c@bookmark@seq@number=\count288

(/usr/local/texlive/2024/texmf-dist/tex/latex/rerunfilecheck/rerunfilecheck.sty
Package: rerunfilecheck 2022-07-10 v1.10 Rerun checks for auxiliary files (HO)

(/usr/local/texlive/2024/texmf-dist/tex/generic/uniquecounter/uniquecounter.sty
Package: uniquecounter 2019/12/15 v1.4 Provide unlimited unique counter (HO)
)
Package uniquecounter Info: New unique counter `rerunfilecheck' on input line 2
85.
)
\Hy@SectionHShift=\skip65
)
Package hyperref Info: Option `colorlinks' set `false' on input line 1393.
Package hyperref Info: Option `frenchlinks' set `false' on input line 1393.
Package hyperref Info: Option `naturalnames' set `false' on input line 1393.
Package hyperref Info: Option `hypertexnames' set `false' on input line 1393.
Package hyperref Info: Option `breaklinks' set `true' on input line 1393.
 (/usr/local/texlive/2024/texmf-dist/tex/latex/xcolor/xcolor.sty
Package: xcolor 2023/11/15 v3.01 LaTeX color extensions (UK)

(/usr/local/texlive/2024/texmf-dist/tex/latex/graphics-cfg/color.cfg
File: color.cfg 2016/01/02 v1.6 sample color configuration
)
Package xcolor Info: Driver file: pdftex.def on input line 274.

(/usr/local/texlive/2024/texmf-dist/tex/latex/graphics-def/pdftex.def
File: pdftex.def 2022/09/22 v1.2b Graphics/color driver for pdftex
)
(/usr/local/texlive/2024/texmf-dist/tex/latex/graphics/mathcolor.ltx)
Package xcolor Info: Model `cmy' substituted by `cmy0' on input line 1350.
Package xcolor Info: Model `hsb' substituted by `rgb' on input line 1354.
Package xcolor Info: Model `RGB' extended on input line 1366.
Package xcolor Info: Model `HTML' substituted by `rgb' on input line 1368.
Package xcolor Info: Model `Hsb' substituted by `hsb' on input line 1369.
Package xcolor Info: Model `tHsb' substituted by `hsb' on input line 1370.
Package xcolor Info: Model `HSB' substituted by `hsb' on input line 1371.
Package xcolor Info: Model `Gray' substituted by `gray' on input line 1372.
Package xcolor Info: Model `wave' substituted by `hsb' on input line 1373.
)
(/usr/local/texlive/2024/texmf-dist/tex/latex/graphics/graphics.sty
Package: graphics 2022/03/10 v1.4e Standard LaTeX Graphics (DPC,SPQR)

(/usr/local/texlive/2024/texmf-dist/tex/latex/graphics/trig.sty
Package: trig 2021/08/11 v1.11 sin cos tan (DPC)
)
(/usr/local/texlive/2024/texmf-dist/tex/latex/graphics-cfg/graphics.cfg
File: graphics.cfg 2016/06/04 v1.11 sample graphics configuration
)
Package graphics Info: Driver file: pdftex.def on input line 107.
)
(/usr/local/texlive/2024/texmf-dist/tex/latex/graphics/graphicx.sty
Package: graphicx 2021/09/16 v1.2d Enhanced LaTeX Graphics (DPC,SPQR)
\Gin@req@height=\dimen160
\Gin@req@width=\dimen161
)
(/usr/local/texlive/2024/texmf-dist/tex/latex/epstopdf-pkg/epstopdf.sty
Package: epstopdf 2020-01-24 v2.11 Conversion with epstopdf on the fly (HO)

(/usr/local/texlive/2024/texmf-dist/tex/latex/grfext/grfext.sty
Package: grfext 2019/12/03 v1.3 Manage graphics extensions (HO)
)
(/usr/local/texlive/2024/texmf-dist/tex/latex/epstopdf-pkg/epstopdf-base.sty
Package: epstopdf-base 2020-01-24 v2.11 Base part for package epstopdf
Package epstopdf-base Info: Redefining graphics rule for `.eps' on input line 4
85.
Package grfext Info: Graphics extension search list:
(grfext)             [.pdf,.png,.jpg,.mps,.jpeg,.jbig2,.jb2,.PDF,.PNG,.JPG,.JPE
G,.JBIG2,.JB2,.eps]
(grfext)             \AppendGraphicsExtensions on input line 504.

(/usr/local/texlive/2024/texmf-dist/tex/latex/latexconfig/epstopdf-sys.cfg
File: epstopdf-sys.cfg 2010/07/13 v1.3 Configuration of (r)epstopdf for TeX Liv
e
)))
Package hyperref Info: Option `colorlinks' set `true' on input line 1442.

(/usr/local/texlive/2024/texmf-dist/tex/latex/oberdiek/hypcap.sty
Package: hypcap 2016/05/16 v1.12 Adjusting the anchors of captions (HO)

(/usr/local/texlive/2024/texmf-dist/tex/latex/letltxmacro/letltxmacro.sty
Package: letltxmacro 2019/12/03 v1.6 Let assignment for LaTeX macros (HO)
))
(/usr/local/texlive/2024/texmf-dist/tex/latex/algorithms/algorithm.sty
Package: algorithm 2009/08/24 v0.1 Document Style `algorithm' - floating enviro
nment

(/usr/local/texlive/2024/texmf-dist/tex/latex/float/float.sty
Package: float 2001/11/08 v1.3d Float enhancements (AL)
\c@float@type=\count289
\float@exts=\toks41
\float@box=\box53
\@float@everytoks=\toks42
\@floatcapt=\box54
)
\@float@every@algorithm=\toks43
\c@algorithm=\count290
)
(/usr/local/texlive/2024/texmf-dist/tex/latex/cleveref/cleveref.sty
Package: cleveref 2018/03/27 v0.21.4 Intelligent cross-referencing
Package cleveref Info: `hyperref' support loaded on input line 2370.
LaTeX Info: Redefining \cref on input line 2370.
LaTeX Info: Redefining \Cref on input line 2370.
LaTeX Info: Redefining \crefrange on input line 2370.
LaTeX Info: Redefining \Crefrange on input line 2370.
LaTeX Info: Redefining \cpageref on input line 2370.
LaTeX Info: Redefining \Cpageref on input line 2370.
LaTeX Info: Redefining \cpagerefrange on input line 2370.
LaTeX Info: Redefining \Cpagerefrange on input line 2370.
LaTeX Info: Redefining \labelcref on input line 2370.
LaTeX Info: Redefining \labelcpageref on input line 2370.
Package cleveref Info: `ntheorem' support loaded on input line 3055.
Package cleveref Info: always capitalise cross-reference names on input line 78
30.
Package cleveref Info: include cross-reference names in hyperlinks on input lin
e 7836.
Package cleveref Info: always capitalise cross-reference names on input line 78
52.
Package cleveref Info: include cross-reference names in hyperlinks on input lin
e 7852.
)
\c@currproofctr=\count291
\c@endproofctr=\count292
\c@proof=\count293
\c@currtheoremctr=\count294
\c@endtheoremctr=\count295
\c@theorem=\count296
\c@currlemmactr=\count297
\c@endlemmactr=\count298
\c@currcorollaryctr=\count299
\c@endcorollaryctr=\count300
\c@currpropositionctr=\count301
\c@endpropositionctr=\count302
\c@currdefinitionctr=\count303
\c@enddefinitionctr=\count304

(/usr/local/texlive/2024/texmf-dist/tex/latex/lineno/lineno.sty
Package: lineno 2023/05/20 line numbers on paragraphs v5.3
\linenopenalty=\count305
\output=\toks44
\linenoprevgraf=\count306
\linenumbersep=\dimen162
\linenumberwidth=\dimen163
\c@linenumber=\count307
\c@pagewiselinenumber=\count308
\c@LN@truepage=\count309
\c@internallinenumber=\count310
\c@internallinenumbers=\count311
\quotelinenumbersep=\dimen164
\bframerule=\dimen165
\bframesep=\dimen166
\bframebox=\box55
\linenoamsmath@ams@eqpen=\count312
LaTeX Info: Redefining \\ on input line 3180.
))
(./ex_shared.tex
(/usr/local/texlive/2024/texmf-dist/tex/latex/lipsum/lipsum.sty
(/usr/local/texlive/2024/texmf-dist/tex/latex/l3packages/l3keys2e/l3keys2e.sty
(/usr/local/texlive/2024/texmf-dist/tex/latex/l3kernel/expl3.sty
Package: expl3 2024-02-20 L3 programming layer (loader) 

(/usr/local/texlive/2024/texmf-dist/tex/latex/l3backend/l3backend-pdftex.def
File: l3backend-pdftex.def 2024-02-20 L3 backend support: PDF output (pdfTeX)
\l__color_backend_stack_int=\count313
\l__pdf_internal_box=\box56
))
Package: l3keys2e 2024-02-18 LaTeX2e option processing using LaTeX3 keys
)
Package: lipsum 2021-09-20 v2.7 150 paragraphs of Lorem Ipsum dummy text
\g__lipsum_par_int=\count314
\l__lipsum_a_int=\count315
\l__lipsum_b_int=\count316
(/usr/local/texlive/2024/texmf-dist/tex/latex/lipsum/lipsum.ltd.tex))
(/usr/local/texlive/2024/texmf-dist/tex/latex/amsfonts/amsfonts.sty
Package: amsfonts 2013/01/14 v3.01 Basic AMSFonts support
\symAMSa=\mathgroup4
\symAMSb=\mathgroup5
LaTeX Font Info:    Redeclaring math symbol \hbar on input line 98.
LaTeX Font Info:    Overwriting math alphabet `\mathfrak' in version `bold'
(Font)                  U/euf/m/n --> U/euf/b/n on input line 106.
)
(/usr/local/texlive/2024/texmf-dist/tex/latex/algorithms/algorithmic.sty
Package: algorithmic 2009/08/24 v0.1 Document Style `algorithmic'
\c@ALC@unique=\count317
\c@ALC@line=\count318
\c@ALC@rem=\count319
\c@ALC@depth=\count320
\ALC@tlm=\skip66
\algorithmicindent=\skip67
)
(/usr/local/texlive/2024/texmf-dist/tex/latex/enumitem/enumitem.sty
Package: enumitem 2019/06/20 v3.9 Customized lists
\labelindent=\skip68
\enit@outerparindent=\dimen167
\enit@toks=\toks45
\enit@inbox=\box57
\enit@count@id=\count321
\enitdp@description=\count322
)
\c@currremarkctr=\count323
\c@endremarkctr=\count324
\c@currhypothesisctr=\count325
\c@endhypothesisctr=\count326
\c@currclaimctr=\count327
\c@endclaimctr=\count328
\c@currfactctr=\count329
\c@endfactctr=\count330

(./preamble.tex))

Package xr Warning: 
No file ex_supplement.aux
LABELS NOT IMPORTED.
 on input line 23.

(latex_build/ex_article.aux)
\openout1 = `ex_article.aux'.

LaTeX Font Info:    Checking defaults for OML/cmm/m/it on input line 37.
LaTeX Font Info:    ... okay on input line 37.
LaTeX Font Info:    Checking defaults for OMS/cmsy/m/n on input line 37.
LaTeX Font Info:    ... okay on input line 37.
LaTeX Font Info:    Checking defaults for OT1/cmr/m/n on input line 37.
LaTeX Font Info:    ... okay on input line 37.
LaTeX Font Info:    Checking defaults for T1/cmr/m/n on input line 37.
LaTeX Font Info:    ... okay on input line 37.
LaTeX Font Info:    Checking defaults for TS1/cmr/m/n on input line 37.
LaTeX Font Info:    ... okay on input line 37.
LaTeX Font Info:    Checking defaults for OMX/cmex/m/n on input line 37.
LaTeX Font Info:    ... okay on input line 37.
LaTeX Font Info:    Checking defaults for U/cmr/m/n on input line 37.
LaTeX Font Info:    ... okay on input line 37.
LaTeX Font Info:    Checking defaults for PD1/pdf/m/n on input line 37.
LaTeX Font Info:    ... okay on input line 37.
LaTeX Font Info:    Checking defaults for PU/pdf/m/n on input line 37.
LaTeX Font Info:    ... okay on input line 37.
Package hyperref Info: Link coloring ON on input line 37.
 (latex_build/ex_article.out)
(latex_build/ex_article.out)
\@outlinefile=\write3
\openout3 = `ex_article.out'.


(/usr/local/texlive/2024/texmf-dist/tex/context/base/mkii/supp-pdf.mkii
[Loading MPS to PDF converter (version 2006.09.02).]
\scratchcounter=\count331
\scratchdimen=\dimen168
\scratchbox=\box58
\nofMPsegments=\count332
\nofMParguments=\count333
\everyMPshowfont=\toks46
\MPscratchCnt=\count334
\MPscratchDim=\dimen169
\MPnumerator=\count335
\makeMPintoPDFobject=\count336
\everyMPtoPDFconversion=\toks47
)
LaTeX Font Info:    Trying to load font information for U+msa on input line 40.

 (/usr/local/texlive/2024/texmf-dist/tex/latex/amsfonts/umsa.fd
File: umsa.fd 2013/01/14 v3.01 AMS symbols A
)
LaTeX Font Info:    Trying to load font information for U+msb on input line 40.


(/usr/local/texlive/2024/texmf-dist/tex/latex/amsfonts/umsb.fd
File: umsb.fd 2013/01/14 v3.01 AMS symbols B
) [1

{/usr/local/texlive/2024/texmf-var/fonts/map/pdftex/updmap/pdftex.map}]
Underfull \vbox (badness 10000) has occurred while \output is active []


Overfull \vbox (3.04993pt too high) has occurred while \output is active []


[2]
Overfull \vbox (14.04993pt too high) has occurred while \output is active []


[3]
./ex_article.tex:141: Undefined control sequence.
l.141      \subfigure
                     []
The control sequence at the end of the top line
of your error message was never \def'ed. If you have
misspelled it (e.g., `\hobx'), type `I' and the correct
spelling (e.g., `I\hbox'). Otherwise just continue,
and I'll forget about whatever was undefined.

<figures/illus_domain_relation_a.pdf, id=306, 633.3154pt x 369.31476pt>
File: figures/illus_domain_relation_a.pdf Graphic file (type pdf)
<use figures/illus_domain_relation_a.pdf>
Package pdftex.def Info: figures/illus_domain_relation_a.pdf  used on input lin
e 142.
(pdftex.def)             Requested size: 146.37457pt x 85.35826pt.
./ex_article.tex:144: Undefined control sequence.
l.144      \subfigure
                     []
The control sequence at the end of the top line
of your error message was never \def'ed. If you have
misspelled it (e.g., `\hobx'), type `I' and the correct
spelling (e.g., `I\hbox'). Otherwise just continue,
and I'll forget about whatever was undefined.

<figures/illus_domain_relation_b.pdf, id=307, 624.98055pt x 428.63167pt>
File: figures/illus_domain_relation_b.pdf Graphic file (type pdf)
<use figures/illus_domain_relation_b.pdf>
Package pdftex.def Info: figures/illus_domain_relation_b.pdf  used on input lin
e 145.
(pdftex.def)             Requested size: 132.75653pt x 91.04872pt.

Overfull \vbox (3.04993pt too high) has occurred while \output is active []


[4]

./ex_article.tex:155: LaTeX Error: Environment assumption undefined.

See the LaTeX manual or LaTeX Companion for explanation.
Type  H <return>  for immediate help.
 ...                                              
                                                  
l.155 \begin{assumption}
                        
Your command was ignored.
Type  I <command> <return>  to replace it with another command,
or  <return>  to continue without it.


./ex_article.tex:163: LaTeX Error: \begin{document} ended by \end{assumption}.

See the LaTeX manual or LaTeX Companion for explanation.
Type  H <return>  for immediate help.
 ...                                              
                                                  
l.163 \end{assumption}
                      
Your command was ignored.
Type  I <command> <return>  to replace it with another command,
or  <return>  to continue without it.

Package hyperref Info: bookmark level for unknown lemma defaults to 0 on input 
line 173.
./ex_article.tex:177: Undefined control sequence.
l.177 \Lw(\fs, \ft, \h) \triangleq
                                    (1-\alpha) \Ls(\fs, \h) + \alpha \Lt(\ft...
The control sequence at the end of the top line
of your error message was never \def'ed. If you have
misspelled it (e.g., `\hobx'), type `I' and the correct
spelling (e.g., `I\hbox'). Otherwise just continue,
and I'll forget about whatever was undefined.


Overfull \vbox (14.04993pt too high) has occurred while \output is active []


[5 <./figures/illus_domain_relation_a.pdf> <./figures/illus_domain_relation_b.p
df>]
Package hyperref Info: bookmark level for unknown proof defaults to 0 on input 
line 186.
Package hyperref Info: bookmark level for unknown definition defaults to 0 on i
nput line 212.
LaTeX Font Info:    Trying to load font information for U+euf on input line 212
.
 (/usr/local/texlive/2024/texmf-dist/tex/latex/amsfonts/ueuf.fd
File: ueuf.fd 2013/01/14 v3.01 Euler Fraktur
)
./ex_article.tex:215: Undefined control sequence.
l.215 \N(\F, \epsilon, \dmetric) \triangleq
                                            \min \{ k: \exists f_1, \dots f_...
The control sequence at the end of the top line
of your error message was never \def'ed. If you have
misspelled it (e.g., `\hobx'), type `I' and the correct
spelling (e.g., `I\hbox'). Otherwise just continue,
and I'll forget about whatever was undefined.


./ex_article.tex:222: LaTeX Error: Environment assumption undefined.

See the LaTeX manual or LaTeX Companion for explanation.
Type  H <return>  for immediate help.
 ...                                              
                                                  
l.222 \begin{assumption}
                        
Your command was ignored.
Type  I <command> <return>  to replace it with another command,
or  <return>  to continue without it.

./ex_article.tex:224: Undefined control sequence.
l.224 ...unction classes $\Hs \circ \Fs \triangleq
                                                   \{ \gs =  \h \circ \fs : ...
The control sequence at the end of the top line
of your error message was never \def'ed. If you have
misspelled it (e.g., `\hobx'), type `I' and the correct
spelling (e.g., `I\hbox'). Otherwise just continue,
and I'll forget about whatever was undefined.

./ex_article.tex:224: Undefined control sequence.
l.224 ...\in \Fs \}$ and $\Hs \circ \Ft \triangleq
                                                   \{ \gt = \h \circ \ft : \...
The control sequence at the end of the top line
of your error message was never \def'ed. If you have
misspelled it (e.g., `\hobx'), type `I' and the correct
spelling (e.g., `I\hbox'). Otherwise just continue,
and I'll forget about whatever was undefined.

./ex_article.tex:231: Undefined control sequence.
<argument> ...} \ds (\gs _1, \gs _2) & \triangleq 
                                                  \sup _{\xs \in \Xs } \| \g...
l.231 \end{split}
                 
The control sequence at the end of the top line
of your error message was never \def'ed. If you have
misspelled it (e.g., `\hobx'), type `I' and the correct
spelling (e.g., `I\hbox'). Otherwise just continue,
and I'll forget about whatever was undefined.

./ex_article.tex:231: Undefined control sequence.
<argument> ...\ \dt (\gt _1, \gt _2) & \triangleq 
                                                  \sup _{\xt \in \Xt } \| \g...
l.231 \end{split}
                 
The control sequence at the end of the top line
of your error message was never \def'ed. If you have
misspelled it (e.g., `\hobx'), type `I' and the correct
spelling (e.g., `I\hbox'). Otherwise just continue,
and I'll forget about whatever was undefined.

./ex_article.tex:231: Undefined control sequence.
<argument> ...} \ds (\gs _1, \gs _2) & \triangleq 
                                                  \sup _{\xs \in \Xs } \| \g...
l.231 \end{split}
                 
The control sequence at the end of the top line
of your error message was never \def'ed. If you have
misspelled it (e.g., `\hobx'), type `I' and the correct
spelling (e.g., `I\hbox'). Otherwise just continue,
and I'll forget about whatever was undefined.

./ex_article.tex:231: Undefined control sequence.
<argument> ...\ \dt (\gt _1, \gt _2) & \triangleq 
                                                  \sup _{\xt \in \Xt } \| \g...
l.231 \end{split}
                 
The control sequence at the end of the top line
of your error message was never \def'ed. If you have
misspelled it (e.g., `\hobx'), type `I' and the correct
spelling (e.g., `I\hbox'). Otherwise just continue,
and I'll forget about whatever was undefined.


./ex_article.tex:243: LaTeX Error: \begin{document} ended by \end{assumption}.

See the LaTeX manual or LaTeX Companion for explanation.
Type  H <return>  for immediate help.
 ...                                              
                                                  
l.243 \end{assumption}
                      
Your command was ignored.
Type  I <command> <return>  to replace it with another command,
or  <return>  to continue without it.

./ex_article.tex:253: Undefined control sequence.
l.253 \hLw(\fs, \ft, \h) \triangleq
                                     (1-\alpha) \hLs(\fs, \h) + \alpha \hLt(...
The control sequence at the end of the top line
of your error message was never \def'ed. If you have
misspelled it (e.g., `\hobx'), type `I' and the correct
spelling (e.g., `I\hbox'). Otherwise just continue,
and I'll forget about whatever was undefined.


Overfull \vbox (3.04993pt too high) has occurred while \output is active []


[6]
Package hyperref Info: bookmark level for unknown theorem defaults to 0 on inpu
t line 274.

Underfull \hbox (badness 10000) in paragraph at lines 293--294

 []

Package hyperref Info: bookmark level for unknown remark defaults to 0 on input
 line 296.

Overfull \vbox (14.04993pt too high) has occurred while \output is active []


[7]

./ex_article.tex:354: LaTeX Error: Environment assumption undefined.

See the LaTeX manual or LaTeX Companion for explanation.
Type  H <return>  for immediate help.
 ...                                              
                                                  
l.354 \begin{assumption}
                        
Your command was ignored.
Type  I <command> <return>  to replace it with another command,
or  <return>  to continue without it.


Overfull \vbox (3.04993pt too high) has occurred while \output is active []


[8]

./ex_article.tex:376: LaTeX Error: \begin{document} ended by \end{assumption}.

See the LaTeX manual or LaTeX Companion for explanation.
Type  H <return>  for immediate help.
 ...                                              
                                                  
l.376 \end{assumption}
                      
Your command was ignored.
Type  I <command> <return>  to replace it with another command,
or  <return>  to continue without it.


Overfull \vbox (14.04993pt too high) has occurred while \output is active []


[9]

./ex_article.tex:430: LaTeX Error: Environment assumption undefined.

See the LaTeX manual or LaTeX Companion for explanation.
Type  H <return>  for immediate help.
 ...                                              
                                                  
l.430 \begin{assumption}
                        
Your command was ignored.
Type  I <command> <return>  to replace it with another command,
or  <return>  to continue without it.

./ex_article.tex:439: Undefined control sequence.
<argument> ...\dXs (\fs _1 , \fs _2) & \triangleq 
                                                  \sup _{\xs \in \Xs } \| \f...
l.439 \end{split}
                 
The control sequence at the end of the top line
of your error message was never \def'ed. If you have
misspelled it (e.g., `\hobx'), type `I' and the correct
spelling (e.g., `I\hbox'). Otherwise just continue,
and I'll forget about whatever was undefined.

./ex_article.tex:439: Undefined control sequence.
<argument> ...\dXt (\ft _1 , \ft _2) & \triangleq 
                                                  \sup _{\xt \in \Xt } \| \f...
l.439 \end{split}
                 
The control sequence at the end of the top line
of your error message was never \def'ed. If you have
misspelled it (e.g., `\hobx'), type `I' and the correct
spelling (e.g., `I\hbox'). Otherwise just continue,
and I'll forget about whatever was undefined.

./ex_article.tex:439: Undefined control sequence.
<argument> ...\dXs (\fs _1 , \fs _2) & \triangleq 
                                                  \sup _{\xs \in \Xs } \| \f...
l.439 \end{split}
                 
The control sequence at the end of the top line
of your error message was never \def'ed. If you have
misspelled it (e.g., `\hobx'), type `I' and the correct
spelling (e.g., `I\hbox'). Otherwise just continue,
and I'll forget about whatever was undefined.

./ex_article.tex:439: Undefined control sequence.
<argument> ...\dXt (\ft _1 , \ft _2) & \triangleq 
                                                  \sup _{\xt \in \Xt } \| \f...
l.439 \end{split}
                 
The control sequence at the end of the top line
of your error message was never \def'ed. If you have
misspelled it (e.g., `\hobx'), type `I' and the correct
spelling (e.g., `I\hbox'). Otherwise just continue,
and I'll forget about whatever was undefined.


./ex_article.tex:442: LaTeX Error: \begin{document} ended by \end{assumption}.

See the LaTeX manual or LaTeX Companion for explanation.
Type  H <return>  for immediate help.
 ...                                              
                                                  
l.442 \end{assumption}
                      
Your command was ignored.
Type  I <command> <return>  to replace it with another command,
or  <return>  to continue without it.

./ex_article.tex:467: Undefined control sequence.
<argument> ...} \as (\Ns , \epsilon ) &\triangleq 
                                                  \frac {1}{8}\left ( \frac ...
l.467 \end{split}
                 
The control sequence at the end of the top line
of your error message was never \def'ed. If you have
misspelled it (e.g., `\hobx'), type `I' and the correct
spelling (e.g., `I\hbox'). Otherwise just continue,
and I'll forget about whatever was undefined.

./ex_article.tex:467: Undefined control sequence.
<argument> ...\ \at (\Nt , \epsilon ) &\triangleq 
                                                  \frac {1}{8}\left ( \frac ...
l.467 \end{split}
                 
The control sequence at the end of the top line
of your error message was never \def'ed. If you have
misspelled it (e.g., `\hobx'), type `I' and the correct
spelling (e.g., `I\hbox'). Otherwise just continue,
and I'll forget about whatever was undefined.

./ex_article.tex:467: Undefined control sequence.
<argument> ...} \as (\Ns , \epsilon ) &\triangleq 
                                                  \frac {1}{8}\left ( \frac ...
l.467 \end{split}
                 
The control sequence at the end of the top line
of your error message was never \def'ed. If you have
misspelled it (e.g., `\hobx'), type `I' and the correct
spelling (e.g., `I\hbox'). Otherwise just continue,
and I'll forget about whatever was undefined.

./ex_article.tex:467: Undefined control sequence.
<argument> ...\ \at (\Nt , \epsilon ) &\triangleq 
                                                  \frac {1}{8}\left ( \frac ...
l.467 \end{split}
                 
The control sequence at the end of the top line
of your error message was never \def'ed. If you have
misspelled it (e.g., `\hobx'), type `I' and the correct
spelling (e.g., `I\hbox'). Otherwise just continue,
and I'll forget about whatever was undefined.


Overfull \vbox (3.04993pt too high) has occurred while \output is active []


[10]
Underfull \hbox (badness 10000) in paragraph at lines 525--526

 []

./ex_article.tex:535: Undefined control sequence.
l.535 ...\xs$ and $\xt$. Defining $\hsz \triangleq
                                                   \xs \in \R^\dz$ and $\htz...
The control sequence at the end of the top line
of your error message was never \def'ed. If you have
misspelled it (e.g., `\hobx'), type `I' and the correct
spelling (e.g., `I\hbox'). Otherwise just continue,
and I'll forget about whatever was undefined.

./ex_article.tex:535: Undefined control sequence.
l.535 ...gleq \xs \in \R^\dz$ and $\htz \triangleq
                                                   \xt \in \R^\dz$, the rela...
The control sequence at the end of the top line
of your error message was never \def'ed. If you have
misspelled it (e.g., `\hobx'), type `I' and the correct
spelling (e.g., `I\hbox'). Otherwise just continue,
and I'll forget about whatever was undefined.


Overfull \vbox (14.04993pt too high) has occurred while \output is active []


[11]
<figures/illus_mmd_network.pdf, id=510, 1407.98238pt x 320.57918pt>
File: figures/illus_mmd_network.pdf Graphic file (type pdf)
<use figures/illus_mmd_network.pdf>
Package pdftex.def Info: figures/illus_mmd_network.pdf  used on input line 550.

(pdftex.def)             Requested size: 398.33858pt x 90.69586pt.


./ex_article.tex:567: LaTeX Error: Environment assumption undefined.

See the LaTeX manual or LaTeX Companion for explanation.
Type  H <return>  for immediate help.
 ...                                              
                                                  
l.567 \begin{assumption}
                        
Your command was ignored.
Type  I <command> <return>  to replace it with another command,
or  <return>  to continue without it.


./ex_article.tex:587: LaTeX Error: \begin{document} ended by \end{assumption}.

See the LaTeX manual or LaTeX Companion for explanation.
Type  H <return>  for immediate help.
 ...                                              
                                                  
l.587 \end{assumption}
                      
Your command was ignored.
Type  I <command> <return>  to replace it with another command,
or  <return>  to continue without it.


Overfull \vbox (3.04993pt too high) has occurred while \output is active []


[12 <./figures/illus_mmd_network.pdf>]
./ex_article.tex:614: Undefined control sequence.
<argument> ...egin {split} \fsl (\xs ) \triangleq 
                                                  \phil (\hsl (\xs )) \in \X...
l.614 \end{split}
                 
The control sequence at the end of the top line
of your error message was never \def'ed. If you have
misspelled it (e.g., `\hobx'), type `I' and the correct
spelling (e.g., `I\hbox'). Otherwise just continue,
and I'll forget about whatever was undefined.

./ex_article.tex:614: Undefined control sequence.
<argument> ...qquad \qquad \ftl (\xt ) \triangleq 
                                                  \phil (\htl (\xt ))\in \Xl...
l.614 \end{split}
                 
The control sequence at the end of the top line
of your error message was never \def'ed. If you have
misspelled it (e.g., `\hobx'), type `I' and the correct
spelling (e.g., `I\hbox'). Otherwise just continue,
and I'll forget about whatever was undefined.

./ex_article.tex:614: Undefined control sequence.
<argument> ...egin {split} \fsl (\xs ) \triangleq 
                                                  \phil (\hsl (\xs )) \in \X...
l.614 \end{split}
                 
The control sequence at the end of the top line
of your error message was never \def'ed. If you have
misspelled it (e.g., `\hobx'), type `I' and the correct
spelling (e.g., `I\hbox'). Otherwise just continue,
and I'll forget about whatever was undefined.

./ex_article.tex:614: Undefined control sequence.
<argument> ...qquad \qquad \ftl (\xt ) \triangleq 
                                                  \phil (\htl (\xt ))\in \Xl...
l.614 \end{split}
                 
The control sequence at the end of the top line
of your error message was never \def'ed. If you have
misspelled it (e.g., `\hobx'), type `I' and the correct
spelling (e.g., `I\hbox'). Otherwise just continue,
and I'll forget about whatever was undefined.

./ex_article.tex:656: Undefined control sequence.
<argument> ...&= (\h \circ \fs )(\xs ) \triangleq 
                                                  \hsL (\xs ) \\ \gt (\xt ) ...
l.656 \end{split}
                 
The control sequence at the end of the top line
of your error message was never \def'ed. If you have
misspelled it (e.g., `\hobx'), type `I' and the correct
spelling (e.g., `I\hbox'). Otherwise just continue,
and I'll forget about whatever was undefined.

./ex_article.tex:656: Undefined control sequence.
<argument> ...&= (\h \circ \ft )(\xt ) \triangleq 
                                                  \htL (\xt ). \end {split}
l.656 \end{split}
                 
The control sequence at the end of the top line
of your error message was never \def'ed. If you have
misspelled it (e.g., `\hobx'), type `I' and the correct
spelling (e.g., `I\hbox'). Otherwise just continue,
and I'll forget about whatever was undefined.

./ex_article.tex:656: Undefined control sequence.
<argument> ...&= (\h \circ \fs )(\xs ) \triangleq 
                                                  \hsL (\xs ) \\ \gt (\xt ) ...
l.656 \end{split}
                 
The control sequence at the end of the top line
of your error message was never \def'ed. If you have
misspelled it (e.g., `\hobx'), type `I' and the correct
spelling (e.g., `I\hbox'). Otherwise just continue,
and I'll forget about whatever was undefined.

./ex_article.tex:656: Undefined control sequence.
<argument> ...&= (\h \circ \ft )(\xt ) \triangleq 
                                                  \htL (\xt ). \end {split}
l.656 \end{split}
                 
The control sequence at the end of the top line
of your error message was never \def'ed. If you have
misspelled it (e.g., `\hobx'), type `I' and the correct
spelling (e.g., `I\hbox'). Otherwise just continue,
and I'll forget about whatever was undefined.


Overfull \vbox (14.04993pt too high) has occurred while \output is active []


[13]

./ex_article.tex:675: LaTeX Error: Environment assumption undefined.

See the LaTeX manual or LaTeX Companion for explanation.
Type  H <return>  for immediate help.
 ...                                              
                                                  
l.675 \begin{assumption}
                        
Your command was ignored.
Type  I <command> <return>  to replace it with another command,
or  <return>  to continue without it.


./ex_article.tex:678: LaTeX Error: \begin{document} ended by \end{assumption}.

See the LaTeX manual or LaTeX Companion for explanation.
Type  H <return>  for immediate help.
 ...                                              
                                                  
l.678 \end{assumption}
                      
Your command was ignored.
Type  I <command> <return>  to replace it with another command,
or  <return>  to continue without it.

./ex_article.tex:694: Undefined control sequence.
<argument> ...E[\fsl (\xs )](\cdot ) & \triangleq 
                                                  E[\fsl (\xs )(\cdot )] \\ ...
l.694 \end{split}
                 
The control sequence at the end of the top line
of your error message was never \def'ed. If you have
misspelled it (e.g., `\hobx'), type `I' and the correct
spelling (e.g., `I\hbox'). Otherwise just continue,
and I'll forget about whatever was undefined.

./ex_article.tex:694: Undefined control sequence.
<argument> ...E[\ftl (\xt )](\cdot ) & \triangleq 
                                                  E[\ftl (\xt )(\cdot )] \en...
l.694 \end{split}
                 
The control sequence at the end of the top line
of your error message was never \def'ed. If you have
misspelled it (e.g., `\hobx'), type `I' and the correct
spelling (e.g., `I\hbox'). Otherwise just continue,
and I'll forget about whatever was undefined.

./ex_article.tex:694: Undefined control sequence.
<argument> ...E[\fsl (\xs )](\cdot ) & \triangleq 
                                                  E[\fsl (\xs )(\cdot )] \\ ...
l.694 \end{split}
                 
The control sequence at the end of the top line
of your error message was never \def'ed. If you have
misspelled it (e.g., `\hobx'), type `I' and the correct
spelling (e.g., `I\hbox'). Otherwise just continue,
and I'll forget about whatever was undefined.

./ex_article.tex:694: Undefined control sequence.
<argument> ...E[\ftl (\xt )](\cdot ) & \triangleq 
                                                  E[\ftl (\xt )(\cdot )] \en...
l.694 \end{split}
                 
The control sequence at the end of the top line
of your error message was never \def'ed. If you have
misspelled it (e.g., `\hobx'), type `I' and the correct
spelling (e.g., `I\hbox'). Otherwise just continue,
and I'll forget about whatever was undefined.

./ex_article.tex:702: Undefined control sequence.
<argument> ...n {split} E[\fs (\xs )]& \triangleq 
                                                  ( E[\fsone (\xs )], \dots ...
l.702 \end{split}
                 
The control sequence at the end of the top line
of your error message was never \def'ed. If you have
misspelled it (e.g., `\hobx'), type `I' and the correct
spelling (e.g., `I\hbox'). Otherwise just continue,
and I'll forget about whatever was undefined.

./ex_article.tex:702: Undefined control sequence.
<argument> ...s )] ) \\ E[\ft (\xt )]& \triangleq 
                                                  ( E[\ftone (\xt )], \dots ...
l.702 \end{split}
                 
The control sequence at the end of the top line
of your error message was never \def'ed. If you have
misspelled it (e.g., `\hobx'), type `I' and the correct
spelling (e.g., `I\hbox'). Otherwise just continue,
and I'll forget about whatever was undefined.

./ex_article.tex:702: Undefined control sequence.
<argument> ...n {split} E[\fs (\xs )]& \triangleq 
                                                  ( E[\fsone (\xs )], \dots ...
l.702 \end{split}
                 
The control sequence at the end of the top line
of your error message was never \def'ed. If you have
misspelled it (e.g., `\hobx'), type `I' and the correct
spelling (e.g., `I\hbox'). Otherwise just continue,
and I'll forget about whatever was undefined.

./ex_article.tex:702: Undefined control sequence.
<argument> ...s )] ) \\ E[\ft (\xt )]& \triangleq 
                                                  ( E[\ftone (\xt )], \dots ...
l.702 \end{split}
                 
The control sequence at the end of the top line
of your error message was never \def'ed. If you have
misspelled it (e.g., `\hobx'), type `I' and the correct
spelling (e.g., `I\hbox'). Otherwise just continue,
and I'll forget about whatever was undefined.

./ex_article.tex:714: Undefined control sequence.
<argument> ... \D ^\lay (\fsl , \ftl ) \triangleq 
                                                  \| E_{\xs }[\fsl (\xs )] -...
l.714 \end{split}
                 
The control sequence at the end of the top line
of your error message was never \def'ed. If you have
misspelled it (e.g., `\hobx'), type `I' and the correct
spelling (e.g., `I\hbox'). Otherwise just continue,
and I'll forget about whatever was undefined.

./ex_article.tex:714: Undefined control sequence.
<argument> ... \D ^\lay (\fsl , \ftl ) \triangleq 
                                                  \| E_{\xs }[\fsl (\xs )] -...
l.714 \end{split}
                 
The control sequence at the end of the top line
of your error message was never \def'ed. If you have
misspelled it (e.g., `\hobx'), type `I' and the correct
spelling (e.g., `I\hbox'). Otherwise just continue,
and I'll forget about whatever was undefined.


Overfull \vbox (3.04993pt too high) has occurred while \output is active []


[14]

./ex_article.tex:771: LaTeX Error: Environment assumption undefined.

See the LaTeX manual or LaTeX Companion for explanation.
Type  H <return>  for immediate help.
 ...                                              
                                                  
l.771 \begin{assumption}
                        
Your command was ignored.
Type  I <command> <return>  to replace it with another command,
or  <return>  to continue without it.


./ex_article.tex:792: LaTeX Error: \begin{document} ended by \end{assumption}.

See the LaTeX manual or LaTeX Companion for explanation.
Type  H <return>  for immediate help.
 ...                                              
                                                  
l.792 \end{assumption}
                      
Your command was ignored.
Type  I <command> <return>  to replace it with another command,
or  <return>  to continue without it.


./ex_article.tex:794: LaTeX Error: Environment assumption undefined.

See the LaTeX manual or LaTeX Companion for explanation.
Type  H <return>  for immediate help.
 ...                                              
                                                  
l.794 \begin{assumption}
                        
Your command was ignored.
Type  I <command> <return>  to replace it with another command,
or  <return>  to continue without it.


Overfull \vbox (14.04993pt too high) has occurred while \output is active []


[15]

./ex_article.tex:816: LaTeX Error: \begin{document} ended by \end{assumption}.

See the LaTeX manual or LaTeX Companion for explanation.
Type  H <return>  for immediate help.
 ...                                              
                                                  
l.816 \end{assumption}
                      
Your command was ignored.
Type  I <command> <return>  to replace it with another command,
or  <return>  to continue without it.

./ex_article.tex:848: Undefined control sequence.
<argument> ...t@tag \begin {split} \BQ \triangleq 
                                                  \sum _{\lay =1}^{\numL -1}...
l.848 \end{split}
                 
The control sequence at the end of the top line
of your error message was never \def'ed. If you have
misspelled it (e.g., `\hobx'), type `I' and the correct
spelling (e.g., `I\hbox'). Otherwise just continue,
and I'll forget about whatever was undefined.

./ex_article.tex:848: Undefined control sequence.
<argument> ...t@tag \begin {split} \BQ \triangleq 
                                                  \sum _{\lay =1}^{\numL -1}...
l.848 \end{split}
                 
The control sequence at the end of the top line
of your error message was never \def'ed. If you have
misspelled it (e.g., `\hobx'), type `I' and the correct
spelling (e.g., `I\hbox'). Otherwise just continue,
and I'll forget about whatever was undefined.

./ex_article.tex:864: Undefined control sequence.
<argument> ... \begin {split} \BQdiml &\triangleq 
                                                  (\Leta \Bdimlm \sqrt {\dl ...
l.864 \end{split}
                 
The control sequence at the end of the top line
of your error message was never \def'ed. If you have
misspelled it (e.g., `\hobx'), type `I' and the correct
spelling (e.g., `I\hbox'). Otherwise just continue,
and I'll forget about whatever was undefined.

./ex_article.tex:864: Undefined control sequence.
<argument> ... \begin {split} \BQdiml &\triangleq 
                                                  (\Leta \Bdimlm \sqrt {\dl ...
l.864 \end{split}
                 
The control sequence at the end of the top line
of your error message was never \def'ed. If you have
misspelled it (e.g., `\hobx'), type `I' and the correct
spelling (e.g., `I\hbox'). Otherwise just continue,
and I'll forget about whatever was undefined.

./ex_article.tex:869: Undefined control sequence.
l.869 $\BQdimone \triangleq
                           
The control sequence at the end of the top line
of your error message was never \def'ed. If you have
misspelled it (e.g., `\hobx'), type `I' and the correct
spelling (e.g., `I\hbox'). Otherwise just continue,
and I'll forget about whatever was undefined.

./ex_article.tex:888: Undefined control sequence.
<argument> ...g \begin {split} \Bdiml &\triangleq 
                                                  (\Bopeta \Bnet ) ^l (\Binp...
l.888 \end{split}
                 
The control sequence at the end of the top line
of your error message was never \def'ed. If you have
misspelled it (e.g., `\hobx'), type `I' and the correct
spelling (e.g., `I\hbox'). Otherwise just continue,
and I'll forget about whatever was undefined.

./ex_article.tex:888: Undefined control sequence.
<argument> ...g \begin {split} \Bdiml &\triangleq 
                                                  (\Bopeta \Bnet ) ^l (\Binp...
l.888 \end{split}
                 
The control sequence at the end of the top line
of your error message was never \def'ed. If you have
misspelled it (e.g., `\hobx'), type `I' and the correct
spelling (e.g., `I\hbox'). Otherwise just continue,
and I'll forget about whatever was undefined.

./ex_article.tex:892: Undefined control sequence.
l.892 and $\Bdiml \triangleq
                            \Beta \sqrt{\dl} $ under condition \eqref{eq_bnd...
The control sequence at the end of the top line
of your error message was never \def'ed. If you have
misspelled it (e.g., `\hobx'), type `I' and the correct
spelling (e.g., `I\hbox'). Otherwise just continue,
and I'll forget about whatever was undefined.

./ex_article.tex:892: Undefined control sequence.
l.892 ...\dots, \numL-1$, where $\Bdimz \triangleq
                                                   \Binp$ and $\Bdimone \tri...
The control sequence at the end of the top line
of your error message was never \def'ed. If you have
misspelled it (e.g., `\hobx'), type `I' and the correct
spelling (e.g., `I\hbox'). Otherwise just continue,
and I'll forget about whatever was undefined.

./ex_article.tex:892: Undefined control sequence.
l.892 ...triangleq \Binp$ and $\Bdimone \triangleq
                                                   \Bopeta  \Bnet \sqrt{\don...
The control sequence at the end of the top line
of your error message was never \def'ed. If you have
misspelled it (e.g., `\hobx'), type `I' and the correct
spelling (e.g., `I\hbox'). Otherwise just continue,
and I'll forget about whatever was undefined.


Overfull \vbox (3.04993pt too high) has occurred while \output is active []


[16]
Package hyperref Info: bookmark level for unknown corollary defaults to 0 on in
put line 916.

Overfull \vbox (14.04993pt too high) has occurred while \output is active []


[17]
<figures/illus_ddan_network.pdf, id=789, 1794.73674pt x 730.53456pt>
File: figures/illus_ddan_network.pdf Graphic file (type pdf)
<use figures/illus_ddan_network.pdf>
Package pdftex.def Info: figures/illus_ddan_network.pdf  used on input line 993
.
(pdftex.def)             Requested size: 369.88582pt x 150.55199pt.

Overfull \vbox (3.04993pt too high) has occurred while \output is active []


[18 <./figures/illus_ddan_network.pdf>]
Overfull \vbox (14.04993pt too high) has occurred while \output is active []


[19]
./ex_article.tex:1111: Undefined control sequence.
<argument> ...plit} \Ddan (\fs , \ft ) \triangleq 
                                                  \left | E[\ddan \circ \fs ...
l.1111 \end{split}
                  
The control sequence at the end of the top line
of your error message was never \def'ed. If you have
misspelled it (e.g., `\hobx'), type `I' and the correct
spelling (e.g., `I\hbox'). Otherwise just continue,
and I'll forget about whatever was undefined.

./ex_article.tex:1111: Undefined control sequence.
<argument> ...plit} \Ddan (\fs , \ft ) \triangleq 
                                                  \left | E[\ddan \circ \fs ...
l.1111 \end{split}
                  
The control sequence at the end of the top line
of your error message was never \def'ed. If you have
misspelled it (e.g., `\hobx'), type `I' and the correct
spelling (e.g., `I\hbox'). Otherwise just continue,
and I'll forget about whatever was undefined.


Overfull \vbox (3.04993pt too high) has occurred while \output is active []


[20]

./ex_article.tex:1116: LaTeX Error: Environment assumption undefined.

See the LaTeX manual or LaTeX Companion for explanation.
Type  H <return>  for immediate help.
 ...                                              
                                                  
l.1116 \begin{assumption}
                         
Your command was ignored.
Type  I <command> <return>  to replace it with another command,
or  <return>  to continue without it.


./ex_article.tex:1127: LaTeX Error: \begin{document} ended by \end{assumption}.


See the LaTeX manual or LaTeX Companion for explanation.
Type  H <return>  for immediate help.
 ...                                              
                                                  
l.1127 \end{assumption}
                       
Your command was ignored.
Type  I <command> <return>  to replace it with another command,
or  <return>  to continue without it.

./ex_article.tex:1136: Undefined control sequence.
<argument> ...begin {split} \vs (\xs ) \triangleq 
                                                  \ddan \circ \fs (\xs ), \q...
l.1136 \end{split}
                  
The control sequence at the end of the top line
of your error message was never \def'ed. If you have
misspelled it (e.g., `\hobx'), type `I' and the correct
spelling (e.g., `I\hbox'). Otherwise just continue,
and I'll forget about whatever was undefined.

./ex_article.tex:1136: Undefined control sequence.
<argument> ...\xs ), \qquad \vt (\xt ) \triangleq 
                                                  \ddan \circ \ft (\xt ) \en...
l.1136 \end{split}
                  
The control sequence at the end of the top line
of your error message was never \def'ed. If you have
misspelled it (e.g., `\hobx'), type `I' and the correct
spelling (e.g., `I\hbox'). Otherwise just continue,
and I'll forget about whatever was undefined.

./ex_article.tex:1136: Undefined control sequence.
<argument> ...begin {split} \vs (\xs ) \triangleq 
                                                  \ddan \circ \fs (\xs ), \q...
l.1136 \end{split}
                  
The control sequence at the end of the top line
of your error message was never \def'ed. If you have
misspelled it (e.g., `\hobx'), type `I' and the correct
spelling (e.g., `I\hbox'). Otherwise just continue,
and I'll forget about whatever was undefined.

./ex_article.tex:1136: Undefined control sequence.
<argument> ...\xs ), \qquad \vt (\xt ) \triangleq 
                                                  \ddan \circ \ft (\xt ) \en...
l.1136 \end{split}
                  
The control sequence at the end of the top line
of your error message was never \def'ed. If you have
misspelled it (e.g., `\hobx'), type `I' and the correct
spelling (e.g., `I\hbox'). Otherwise just continue,
and I'll forget about whatever was undefined.

./ex_article.tex:1176: Undefined control sequence.
<argument> ... \dVs (\vs _1, \vs _2) & \triangleq 
                                                  \sup _{\xs \in \Xs } | \vs...
l.1176 \end{split}
                  
The control sequence at the end of the top line
of your error message was never \def'ed. If you have
misspelled it (e.g., `\hobx'), type `I' and the correct
spelling (e.g., `I\hbox'). Otherwise just continue,
and I'll forget about whatever was undefined.

./ex_article.tex:1176: Undefined control sequence.
<argument> ... \dVt (\vt _1, \vt _2) & \triangleq 
                                                  \sup _{\xt \in \Xt } | \vt...
l.1176 \end{split}
                  
The control sequence at the end of the top line
of your error message was never \def'ed. If you have
misspelled it (e.g., `\hobx'), type `I' and the correct
spelling (e.g., `I\hbox'). Otherwise just continue,
and I'll forget about whatever was undefined.

./ex_article.tex:1176: Undefined control sequence.
<argument> ... \dVs (\vs _1, \vs _2) & \triangleq 
                                                  \sup _{\xs \in \Xs } | \vs...
l.1176 \end{split}
                  
The control sequence at the end of the top line
of your error message was never \def'ed. If you have
misspelled it (e.g., `\hobx'), type `I' and the correct
spelling (e.g., `I\hbox'). Otherwise just continue,
and I'll forget about whatever was undefined.

./ex_article.tex:1176: Undefined control sequence.
<argument> ... \dVt (\vt _1, \vt _2) & \triangleq 
                                                  \sup _{\xt \in \Xt } | \vt...
l.1176 \end{split}
                  
The control sequence at the end of the top line
of your error message was never \def'ed. If you have
misspelled it (e.g., `\hobx'), type `I' and the correct
spelling (e.g., `I\hbox'). Otherwise just continue,
and I'll forget about whatever was undefined.


./ex_article.tex:1198: LaTeX Error: Environment assumption undefined.

See the LaTeX manual or LaTeX Companion for explanation.
Type  H <return>  for immediate help.
 ...                                              
                                                  
l.1198 \begin{assumption}
                         
Your command was ignored.
Type  I <command> <return>  to replace it with another command,
or  <return>  to continue without it.


Overfull \vbox (14.04993pt too high) has occurred while \output is active []


[21]

./ex_article.tex:1220: LaTeX Error: \begin{document} ended by \end{assumption}.


See the LaTeX manual or LaTeX Companion for explanation.
Type  H <return>  for immediate help.
 ...                                              
                                                  
l.1220 \end{assumption}
                       
Your command was ignored.
Type  I <command> <return>  to replace it with another command,
or  <return>  to continue without it.

./ex_article.tex:1225: Undefined control sequence.
l.1225      \subfigure
                      [Poor alignment]
The control sequence at the end of the top line
of your error message was never \def'ed. If you have
misspelled it (e.g., `\hobx'), type `I' and the correct
spelling (e.g., `I\hbox'). Otherwise just continue,
and I'll forget about whatever was undefined.

<figures/illus_ddan_bad_align.pdf, id=1089, 918.19397pt x 764.44206pt>
File: figures/illus_ddan_bad_align.pdf Graphic file (type pdf)
<use figures/illus_ddan_bad_align.pdf>
Package pdftex.def Info: figures/illus_ddan_bad_align.pdf  used on input line 1
226.
(pdftex.def)             Requested size: 153.77917pt x 128.0374pt.
./ex_article.tex:1228: Undefined control sequence.
l.1228      \subfigure
                      [Proper alignment]
The control sequence at the end of the top line
of your error message was never \def'ed. If you have
misspelled it (e.g., `\hobx'), type `I' and the correct
spelling (e.g., `I\hbox'). Otherwise just continue,
and I'll forget about whatever was undefined.

<figures/illus_ddan_good_align.pdf, id=1090, 707.62366pt x 616.97304pt>
File: figures/illus_ddan_good_align.pdf Graphic file (type pdf)
<use figures/illus_ddan_good_align.pdf>
Package pdftex.def Info: figures/illus_ddan_good_align.pdf  used on input line 
1229.
(pdftex.def)             Requested size: 130.53041pt x 113.81102pt.

./ex_article.tex:1237: LaTeX Error: Environment assumption undefined.

See the LaTeX manual or LaTeX Companion for explanation.
Type  H <return>  for immediate help.
 ...                                              
                                                  
l.1237 \begin{assumption}
                         
Your command was ignored.
Type  I <command> <return>  to replace it with another command,
or  <return>  to continue without it.


./ex_article.tex:1258: LaTeX Error: \begin{document} ended by \end{assumption}.


See the LaTeX manual or LaTeX Companion for explanation.
Type  H <return>  for immediate help.
 ...                                              
                                                  
l.1258 \end{assumption}
                       
Your command was ignored.
Type  I <command> <return>  to replace it with another command,
or  <return>  to continue without it.


Overfull \vbox (3.04993pt too high) has occurred while \output is active []


[22 <./figures/illus_ddan_bad_align.pdf> <./figures/illus_ddan_good_align.pdf>]

./ex_article.tex:1263: LaTeX Error: Environment assumption undefined.

See the LaTeX manual or LaTeX Companion for explanation.
Type  H <return>  for immediate help.
 ...                                              
                                                  
l.1263 \begin{assumption}
                         
Your command was ignored.
Type  I <command> <return>  to replace it with another command,
or  <return>  to continue without it.


./ex_article.tex:1273: LaTeX Error: \begin{document} ended by \end{assumption}.


See the LaTeX manual or LaTeX Companion for explanation.
Type  H <return>  for immediate help.
 ...                                              
                                                  
l.1273 \end{assumption}
                       
Your command was ignored.
Type  I <command> <return>  to replace it with another command,
or  <return>  to continue without it.


Overfull \vbox (14.04993pt too high) has occurred while \output is active []


[23]
Underfull \hbox (badness 10000) in paragraph at lines 1337--1338

 []


Overfull \vbox (3.04993pt too high) has occurred while \output is active []


[24]
Overfull \vbox (14.04993pt too high) has occurred while \output is active []


[25]
Overfull \vbox (3.04993pt too high) has occurred while \output is active []


[26]
Overfull \vbox (14.04993pt too high) has occurred while \output is active []


[27]
Overfull \vbox (3.04993pt too high) has occurred while \output is active []


[28]
./ex_article.tex:1484: Undefined control sequence.
l.1484      \subfigure
                      []
The control sequence at the end of the top line
of your error message was never \def'ed. If you have
misspelled it (e.g., `\hobx'), type `I' and the correct
spelling (e.g., `I\hbox'). Otherwise just continue,
and I'll forget about whatever was undefined.

<figures/toy_error_Mt_alpha.pdf, id=1374, 374.53467pt x 315.31372pt>
File: figures/toy_error_Mt_alpha.pdf Graphic file (type pdf)
<use figures/toy_error_Mt_alpha.pdf>
Package pdftex.def Info: figures/toy_error_Mt_alpha.pdf  used on input line 148
5.
(pdftex.def)             Requested size: 152.08003pt x 128.0374pt.
./ex_article.tex:1486: Undefined control sequence.
l.1486      \subfigure
                      []
The control sequence at the end of the top line
of your error message was never \def'ed. If you have
misspelled it (e.g., `\hobx'), type `I' and the correct
spelling (e.g., `I\hbox'). Otherwise just continue,
and I'll forget about whatever was undefined.

<figures/toy_error_tau_alpha.pdf, id=1375, 367.86163pt x 315.27626pt>
File: figures/toy_error_tau_alpha.pdf Graphic file (type pdf)
<use figures/toy_error_tau_alpha.pdf>
Package pdftex.def Info: figures/toy_error_tau_alpha.pdf  used on input line 14
87.
(pdftex.def)             Requested size: 149.3929pt x 128.0374pt.

Overfull \vbox (14.04993pt too high) has occurred while \output is active []


[29 <./figures/toy_error_Mt_alpha.pdf> <./figures/toy_error_tau_alpha.pdf>]
<figures/face_dataset.pdf, id=1398, 373.08675pt x 48.2876pt>
File: figures/face_dataset.pdf Graphic file (type pdf)
<use figures/face_dataset.pdf>
Package pdftex.def Info: figures/face_dataset.pdf  used on input line 1516.
(pdftex.def)             Requested size: 199.16928pt x 25.77797pt.

./ex_article.tex:1524: Undefined control sequence.
l.1524      \subfigure
                      []
The control sequence at the end of the top line
of your error message was never \def'ed. If you have
misspelled it (e.g., `\hobx'), type `I' and the correct
spelling (e.g., `I\hbox'). Otherwise just continue,
and I'll forget about whatever was undefined.

<figures/mit_error_Mt.pdf, id=1399, 515.1753pt x 412.95078pt>
File: figures/mit_error_Mt.pdf Graphic file (type pdf)
<use figures/mit_error_Mt.pdf>
Package pdftex.def Info: figures/mit_error_Mt.pdf  used on input line 1525.
(pdftex.def)             Requested size: 141.98415pt x 113.81102pt.
./ex_article.tex:1526: Undefined control sequence.
l.1526      \subfigure
                      []
The control sequence at the end of the top line
of your error message was never \def'ed. If you have
misspelled it (e.g., `\hobx'), type `I' and the correct
spelling (e.g., `I\hbox'). Otherwise just continue,
and I'll forget about whatever was undefined.

<figures/mit_error_Ms.pdf, id=1400, 469.64647pt x 382.31822pt>
File: figures/mit_error_Ms.pdf Graphic file (type pdf)
<use figures/mit_error_Ms.pdf>
Package pdftex.def Info: figures/mit_error_Ms.pdf  used on input line 1527.
(pdftex.def)             Requested size: 139.80576pt x 113.81102pt.

Underfull \vbox (badness 3375) has occurred while \output is active []


Overfull \vbox (3.04993pt too high) has occurred while \output is active []


[30 <./figures/face_dataset.pdf> <./figures/mit_error_Mt.pdf> <./figures/mit_er
ror_Ms.pdf>]
./ex_article.tex:1564: Undefined control sequence.
l.1564      \subfigure
                      []
The control sequence at the end of the top line
of your error message was never \def'ed. If you have
misspelled it (e.g., `\hobx'), type `I' and the correct
spelling (e.g., `I\hbox'). Otherwise just continue,
and I'll forget about whatever was undefined.

<figures/mmd-layer-Ms-linefit.pdf, id=1455, 226.90646pt x 171.69144pt>
File: figures/mmd-layer-Ms-linefit.pdf Graphic file (type pdf)
<use figures/mmd-layer-Ms-linefit.pdf>
Package pdftex.def Info: figures/mmd-layer-Ms-linefit.pdf  used on input line 1
565.
(pdftex.def)             Requested size: 169.21689pt x 128.0374pt.
./ex_article.tex:1566: Undefined control sequence.
l.1566      \subfigure
                      []
The control sequence at the end of the top line
of your error message was never \def'ed. If you have
misspelled it (e.g., `\hobx'), type `I' and the correct
spelling (e.g., `I\hbox'). Otherwise just continue,
and I'll forget about whatever was undefined.

<figures/mmd-layer-Ms-quadprog.pdf, id=1456, 228.81007pt x 171.69144pt>
File: figures/mmd-layer-Ms-quadprog.pdf Graphic file (type pdf)
<use figures/mmd-layer-Ms-quadprog.pdf>
Package pdftex.def Info: figures/mmd-layer-Ms-quadprog.pdf  used on input line 
1567.
(pdftex.def)             Requested size: 170.63652pt x 128.0374pt.
./ex_article.tex:1568: Undefined control sequence.
l.1568             \subfigure
                             []
The control sequence at the end of the top line
of your error message was never \def'ed. If you have
misspelled it (e.g., `\hobx'), type `I' and the correct
spelling (e.g., `I\hbox'). Otherwise just continue,
and I'll forget about whatever was undefined.

<figures/mmd-layer-Ns-linefit.pdf, id=1457, 231.92522pt x 171.69144pt>
File: figures/mmd-layer-Ns-linefit.pdf Graphic file (type pdf)
<use figures/mmd-layer-Ns-linefit.pdf>
Package pdftex.def Info: figures/mmd-layer-Ns-linefit.pdf  used on input line 1
569.
(pdftex.def)             Requested size: 172.95966pt x 128.0374pt.
./ex_article.tex:1570: Undefined control sequence.
l.1570      \subfigure
                      []
The control sequence at the end of the top line
of your error message was never \def'ed. If you have
misspelled it (e.g., `\hobx'), type `I' and the correct
spelling (e.g., `I\hbox'). Otherwise just continue,
and I'll forget about whatever was undefined.

<figures/mmd-layer-Ns-quadprog.pdf, id=1458, 221.66815pt x 182.79543pt>
File: figures/mmd-layer-Ns-quadprog.pdf Graphic file (type pdf)
<use figures/mmd-layer-Ns-quadprog.pdf>
Package pdftex.def Info: figures/mmd-layer-Ns-quadprog.pdf  used on input line 
1571.
(pdftex.def)             Requested size: 155.27487pt x 128.0374pt.
./ex_article.tex:1585: Undefined control sequence.
l.1585      \subfigure
                      []
The control sequence at the end of the top line
of your error message was never \def'ed. If you have
misspelled it (e.g., `\hobx'), type `I' and the correct
spelling (e.g., `I\hbox'). Otherwise just continue,
and I'll forget about whatever was undefined.

<figures/mmd-dim-Ms-linefit.pdf, id=1459, 226.90646pt x 171.69144pt>
File: figures/mmd-dim-Ms-linefit.pdf Graphic file (type pdf)
<use figures/mmd-dim-Ms-linefit.pdf>
Package pdftex.def Info: figures/mmd-dim-Ms-linefit.pdf  used on input line 158
6.
(pdftex.def)             Requested size: 169.21689pt x 128.0374pt.
./ex_article.tex:1587: Undefined control sequence.
l.1587      \subfigure
                      []
The control sequence at the end of the top line
of your error message was never \def'ed. If you have
misspelled it (e.g., `\hobx'), type `I' and the correct
spelling (e.g., `I\hbox'). Otherwise just continue,
and I'll forget about whatever was undefined.

<figures/mmd-dim-Ms-quadprog.pdf, id=1460, 223.67564pt x 171.69144pt>
File: figures/mmd-dim-Ms-quadprog.pdf Graphic file (type pdf)
<use figures/mmd-dim-Ms-quadprog.pdf>
Package pdftex.def Info: figures/mmd-dim-Ms-quadprog.pdf  used on input line 15
88.
(pdftex.def)             Requested size: 166.8075pt x 128.0374pt.

Overfull \vbox (14.04993pt too high) has occurred while \output is active []


[31]
Overfull \vbox (3.04993pt too high) has occurred while \output is active []


[32 <./figures/mmd-layer-Ms-linefit.pdf> <./figures/mmd-layer-Ms-quadprog.pdf> 
<./figures/mmd-layer-Ns-linefit.pdf> <./figures/mmd-layer-Ns-quadprog.pdf> <./f
igures/mmd-dim-Ms-linefit.pdf> <./figures/mmd-dim-Ms-quadprog.pdf>]
./ex_article.tex:1624: Undefined control sequence.
l.1624      \subfigure
                      []
The control sequence at the end of the top line
of your error message was never \def'ed. If you have
misspelled it (e.g., `\hobx'), type `I' and the correct
spelling (e.g., `I\hbox'). Otherwise just continue,
and I'll forget about whatever was undefined.

<figures/mmd-optalpha-quadfit_Ms234.pdf, id=1711, 227.53883pt x 171.69144pt>
File: figures/mmd-optalpha-quadfit_Ms234.pdf Graphic file (type pdf)
<use figures/mmd-optalpha-quadfit_Ms234.pdf>
Package pdftex.def Info: figures/mmd-optalpha-quadfit_Ms234.pdf  used on input 
line 1625.
(pdftex.def)             Requested size: 169.68848pt x 128.0374pt.
./ex_article.tex:1626: Undefined control sequence.
l.1626      \subfigure
                      []
The control sequence at the end of the top line
of your error message was never \def'ed. If you have
misspelled it (e.g., `\hobx'), type `I' and the correct
spelling (e.g., `I\hbox'). Otherwise just continue,
and I'll forget about whatever was undefined.

<figures/mmd-optalpha-asqrtx_fit_den_Mss.pdf, id=1712, 226.68689pt x 171.81691p
t>
File: figures/mmd-optalpha-asqrtx_fit_den_Mss.pdf Graphic file (type pdf)
<use figures/mmd-optalpha-asqrtx_fit_den_Mss.pdf>
Package pdftex.def Info: figures/mmd-optalpha-asqrtx_fit_den_Mss.pdf  used on i
nput line 1627.
(pdftex.def)             Requested size: 168.92862pt x 128.0374pt.

Underfull \vbox (badness 10000) has occurred while \output is active []


Overfull \vbox (14.04993pt too high) has occurred while \output is active []


[33 <./figures/mmd-optalpha-quadfit_Ms234.pdf> <./figures/mmd-optalpha-asqrtx_f
it_den_Mss.pdf>]
./ex_article.tex:1673: Undefined control sequence.
l.1673      \subfigure
                      []
The control sequence at the end of the top line
of your error message was never \def'ed. If you have
misspelled it (e.g., `\hobx'), type `I' and the correct
spelling (e.g., `I\hbox'). Otherwise just continue,
and I'll forget about whatever was undefined.

<figures/adv-layer-Ms-linefit.pdf, id=1796, 226.90646pt x 171.69144pt>
File: figures/adv-layer-Ms-linefit.pdf Graphic file (type pdf)
<use figures/adv-layer-Ms-linefit.pdf>
Package pdftex.def Info: figures/adv-layer-Ms-linefit.pdf  used on input line 1
674.
(pdftex.def)             Requested size: 169.21689pt x 128.0374pt.
./ex_article.tex:1675: Undefined control sequence.
l.1675      \subfigure
                      []
The control sequence at the end of the top line
of your error message was never \def'ed. If you have
misspelled it (e.g., `\hobx'), type `I' and the correct
spelling (e.g., `I\hbox'). Otherwise just continue,
and I'll forget about whatever was undefined.

<figures/adv-layer-Ms-quadprog.pdf, id=1797, 223.67564pt x 174.28386pt>
File: figures/adv-layer-Ms-quadprog.pdf Graphic file (type pdf)
<use figures/adv-layer-Ms-quadprog.pdf>
Package pdftex.def Info: figures/adv-layer-Ms-quadprog.pdf  used on input line 
1676.
(pdftex.def)             Requested size: 164.32283pt x 128.0374pt.
./ex_article.tex:1677: Undefined control sequence.
l.1677             \subfigure
                             []
The control sequence at the end of the top line
of your error message was never \def'ed. If you have
misspelled it (e.g., `\hobx'), type `I' and the correct
spelling (e.g., `I\hbox'). Otherwise just continue,
and I'll forget about whatever was undefined.

<figures/adv-layer-Ns-linefit.pdf, id=1798, 226.90646pt x 171.69144pt>
File: figures/adv-layer-Ns-linefit.pdf Graphic file (type pdf)
<use figures/adv-layer-Ns-linefit.pdf>
Package pdftex.def Info: figures/adv-layer-Ns-linefit.pdf  used on input line 1
678.
(pdftex.def)             Requested size: 169.21689pt x 128.0374pt.
./ex_article.tex:1679: Undefined control sequence.
l.1679      \subfigure
                      []
The control sequence at the end of the top line
of your error message was never \def'ed. If you have
misspelled it (e.g., `\hobx'), type `I' and the correct
spelling (e.g., `I\hbox'). Otherwise just continue,
and I'll forget about whatever was undefined.

<figures/adv-layer-Ns-quadprog.pdf, id=1799, 221.66815pt x 182.79543pt>
File: figures/adv-layer-Ns-quadprog.pdf Graphic file (type pdf)
<use figures/adv-layer-Ns-quadprog.pdf>
Package pdftex.def Info: figures/adv-layer-Ns-quadprog.pdf  used on input line 
1680.
(pdftex.def)             Requested size: 155.27487pt x 128.0374pt.
./ex_article.tex:1691: Undefined control sequence.
l.1691      \subfigure
                      []
The control sequence at the end of the top line
of your error message was never \def'ed. If you have
misspelled it (e.g., `\hobx'), type `I' and the correct
spelling (e.g., `I\hbox'). Otherwise just continue,
and I'll forget about whatever was undefined.

<figures/adv-dcm-Ms-linefit.pdf, id=1800, 226.90646pt x 172.73701pt>
File: figures/adv-dcm-Ms-linefit.pdf Graphic file (type pdf)
<use figures/adv-dcm-Ms-linefit.pdf>
Package pdftex.def Info: figures/adv-dcm-Ms-linefit.pdf  used on input line 169
2.
(pdftex.def)             Requested size: 168.18858pt x 128.0374pt.
./ex_article.tex:1693: Undefined control sequence.
l.1693      \subfigure
                      []
The control sequence at the end of the top line
of your error message was never \def'ed. If you have
misspelled it (e.g., `\hobx'), type `I' and the correct
spelling (e.g., `I\hbox'). Otherwise just continue,
and I'll forget about whatever was undefined.

<figures/adv-dcm-Ms-quadprog.pdf, id=1801, 223.67564pt x 171.69144pt>
File: figures/adv-dcm-Ms-quadprog.pdf Graphic file (type pdf)
<use figures/adv-dcm-Ms-quadprog.pdf>
Package pdftex.def Info: figures/adv-dcm-Ms-quadprog.pdf  used on input line 16
94.
(pdftex.def)             Requested size: 166.8075pt x 128.0374pt.
./ex_article.tex:1695: Undefined control sequence.
l.1695             \subfigure
                             []
The control sequence at the end of the top line
of your error message was never \def'ed. If you have
misspelled it (e.g., `\hobx'), type `I' and the correct
spelling (e.g., `I\hbox'). Otherwise just continue,
and I'll forget about whatever was undefined.

<figures/adv-dcm-Ns-linefit.pdf, id=1802, 226.90646pt x 171.69144pt>
File: figures/adv-dcm-Ns-linefit.pdf Graphic file (type pdf)
<use figures/adv-dcm-Ns-linefit.pdf>
Package pdftex.def Info: figures/adv-dcm-Ns-linefit.pdf  used on input line 169
6.
(pdftex.def)             Requested size: 169.21689pt x 128.0374pt.
./ex_article.tex:1697: Undefined control sequence.
l.1697      \subfigure
                      []
The control sequence at the end of the top line
of your error message was never \def'ed. If you have
misspelled it (e.g., `\hobx'), type `I' and the correct
spelling (e.g., `I\hbox'). Otherwise just continue,
and I'll forget about whatever was undefined.

<figures/adv-dcm-Ns-quadprog.pdf, id=1803, 221.66815pt x 182.79543pt>
File: figures/adv-dcm-Ns-quadprog.pdf Graphic file (type pdf)
<use figures/adv-dcm-Ns-quadprog.pdf>
Package pdftex.def Info: figures/adv-dcm-Ns-quadprog.pdf  used on input line 16
98.
(pdftex.def)             Requested size: 155.27487pt x 128.0374pt.
./ex_article.tex:1709: Undefined control sequence.
l.1709      \subfigure
                      []
The control sequence at the end of the top line
of your error message was never \def'ed. If you have
misspelled it (e.g., `\hobx'), type `I' and the correct
spelling (e.g., `I\hbox'). Otherwise just continue,
and I'll forget about whatever was undefined.

<figures/adv-optalpha-quadfit_Ms240.pdf, id=1804, 227.53883pt x 171.69144pt>
File: figures/adv-optalpha-quadfit_Ms240.pdf Graphic file (type pdf)
<use figures/adv-optalpha-quadfit_Ms240.pdf>
Package pdftex.def Info: figures/adv-optalpha-quadfit_Ms240.pdf  used on input 
line 1710.
(pdftex.def)             Requested size: 169.68848pt x 128.0374pt.
./ex_article.tex:1711: Undefined control sequence.
l.1711      \subfigure
                      []
The control sequence at the end of the top line
of your error message was never \def'ed. If you have
misspelled it (e.g., `\hobx'), type `I' and the correct
spelling (e.g., `I\hbox'). Otherwise just continue,
and I'll forget about whatever was undefined.

<figures/adv-optalpha-asqrtx_fit_den_Mss.pdf, id=1805, 226.68689pt x 171.81691p
t>
File: figures/adv-optalpha-asqrtx_fit_den_Mss.pdf Graphic file (type pdf)
<use figures/adv-optalpha-asqrtx_fit_den_Mss.pdf>
Package pdftex.def Info: figures/adv-optalpha-asqrtx_fit_den_Mss.pdf  used on i
nput line 1712.
(pdftex.def)             Requested size: 168.92862pt x 128.0374pt.

Overfull \vbox (3.04993pt too high) has occurred while \output is active []


[34 <./figures/adv-layer-Ms-linefit.pdf> <./figures/adv-layer-Ms-quadprog.pdf> 
<./figures/adv-layer-Ns-linefit.pdf> <./figures/adv-layer-Ns-quadprog.pdf>]
Underfull \vbox (badness 2564) has occurred while \output is active []


Overfull \vbox (14.04993pt too high) has occurred while \output is active []


[35 <./figures/adv-dcm-Ms-linefit.pdf> <./figures/adv-dcm-Ms-quadprog.pdf> <./f
igures/adv-dcm-Ns-linefit.pdf> <./figures/adv-dcm-Ns-quadprog.pdf> <./figures/a
dv-optalpha-quadfit_Ms240.pdf> <./figures/adv-optalpha-asqrtx_fit_den_Mss.pdf>]

Overfull \vbox (3.04993pt too high) has occurred while \output is active []


[36]
Overfull \vbox (14.04993pt too high) has occurred while \output is active []


[37]
Overfull \vbox (3.04993pt too high) has occurred while \output is active []


[38]
Overfull \vbox (14.04993pt too high) has occurred while \output is active []


[39]
Overfull \vbox (3.04993pt too high) has occurred while \output is active []


[40]
Overfull \vbox (14.04993pt too high) has occurred while \output is active []


[41]
Overfull \vbox (3.04993pt too high) has occurred while \output is active []


[42]
./ex_article.tex:2258: Undefined control sequence.
l.2258 ...[\fsl(\xs)](\boldsymbol{\xi}) \triangleq
                                                   E_{\xs}[\fsl(\xs)(\boldsy...
The control sequence at the end of the top line
of your error message was never \def'ed. If you have
misspelled it (e.g., `\hobx'), type `I' and the correct
spelling (e.g., `I\hbox'). Otherwise just continue,
and I'll forget about whatever was undefined.

./ex_article.tex:2266: Undefined control sequence.
l.2266 T_{\mus}(\psi) \triangleq
                                 E_{\xs}[ \psi(\hsl) ]
The control sequence at the end of the top line
of your error message was never \def'ed. If you have
misspelled it (e.g., `\hobx'), type `I' and the correct
spelling (e.g., `I\hbox'). Otherwise just continue,
and I'll forget about whatever was undefined.

./ex_article.tex:2315: Undefined control sequence.
l.2315  E_{\xs}[\fs(\xs)] \triangleq
                                     ( E_{\xs}[\fsone (\xs)], \dots \, , E_{...
The control sequence at the end of the top line
of your error message was never \def'ed. If you have
misspelled it (e.g., `\hobx'), type `I' and the correct
spelling (e.g., `I\hbox'). Otherwise just continue,
and I'll forget about whatever was undefined.


Overfull \vbox (14.04993pt too high) has occurred while \output is active []


[43]
Overfull \vbox (3.04993pt too high) has occurred while \output is active []


[44]
Overfull \vbox (14.04993pt too high) has occurred while \output is active []


[45]
Overfull \vbox (3.04993pt too high) has occurred while \output is active []


[46]

./ex_article.tex:2669: LaTeX Error: Unicode character  (U+FFFD)
               not set up for use with LaTeX.

See the LaTeX manual or LaTeX Companion for explanation.
Type  H <return>  for immediate help.
 ...                                              
                                                  
l.2669 \end{split}
                  
You may provide a definition with
\DeclareUnicodeCharacter 


./ex_article.tex:2669: LaTeX Error: Unicode character  (U+FFFD)
               not set up for use with LaTeX.

See the LaTeX manual or LaTeX Companion for explanation.
Type  H <return>  for immediate help.
 ...                                              
                                                  
l.2669 \end{split}
                  
You may provide a definition with
\DeclareUnicodeCharacter 


Overfull \vbox (14.04993pt too high) has occurred while \output is active []


[47]
Overfull \vbox (3.04993pt too high) has occurred while \output is active []


[48]
Overfull \vbox (14.04993pt too high) has occurred while \output is active []


[49]
Overfull \vbox (3.04993pt too high) has occurred while \output is active []


[50]
Overfull \vbox (14.04993pt too high) has occurred while \output is active []


[51]
Overfull \vbox (3.04993pt too high) has occurred while \output is active []


[52]
Overfull \vbox (14.04993pt too high) has occurred while \output is active []


[53]
./ex_article.tex:3245: Undefined control sequence.
<argument> ...{split} \as (\Ns , \epsilon ) = \bm 
                                                  {\theta }(\Ns \epsilon ^2)...
l.3245 \end{split}
                  
The control sequence at the end of the top line
of your error message was never \def'ed. If you have
misspelled it (e.g., `\hobx'), type `I' and the correct
spelling (e.g., `I\hbox'). Otherwise just continue,
and I'll forget about whatever was undefined.

./ex_article.tex:3245: Undefined control sequence.
<argument> ...{split} \as (\Ns , \epsilon ) = \bm 
                                                  {\theta }(\Ns \epsilon ^2)...
l.3245 \end{split}
                  
The control sequence at the end of the top line
of your error message was never \def'ed. If you have
misspelled it (e.g., `\hobx'), type `I' and the correct
spelling (e.g., `I\hbox'). Otherwise just continue,
and I'll forget about whatever was undefined.

./ex_article.tex:3248: Undefined control sequence.
<recently read> \bm 
                    
l.3248 where we use the notation $\bm
                                     {\theta}(\cdot)$ to refer to asymptotic...
The control sequence at the end of the top line
of your error message was never \def'ed. If you have
misspelled it (e.g., `\hobx'), type `I' and the correct
spelling (e.g., `I\hbox'). Otherwise just continue,
and I'll forget about whatever was undefined.


Overfull \vbox (3.04993pt too high) has occurred while \output is active []


[54]
Overfull \vbox (14.04993pt too high) has occurred while \output is active []


[55]
./ex_article.tex:3405: Undefined control sequence.
<argument> ...y _1, \y _2) | \leq \bls \triangleq 
                                                  m \, | \log (\delta ) |. \...
l.3405 \end{split}
                  
The control sequence at the end of the top line
of your error message was never \def'ed. If you have
misspelled it (e.g., `\hobx'), type `I' and the correct
spelling (e.g., `I\hbox'). Otherwise just continue,
and I'll forget about whatever was undefined.

./ex_article.tex:3405: Undefined control sequence.
<argument> ...y _1, \y _2) | \leq \bls \triangleq 
                                                  m \, | \log (\delta ) |. \...
l.3405 \end{split}
                  
The control sequence at the end of the top line
of your error message was never \def'ed. If you have
misspelled it (e.g., `\hobx'), type `I' and the correct
spelling (e.g., `I\hbox'). Otherwise just continue,
and I'll forget about whatever was undefined.

./ex_article.tex:3450: Undefined control sequence.
l.3450 \Lls \triangleq
                       \delta^{-1} \sqrt{m} .
The control sequence at the end of the top line
of your error message was never \def'ed. If you have
misspelled it (e.g., `\hobx'), type `I' and the correct
spelling (e.g., `I\hbox'). Otherwise just continue,
and I'll forget about whatever was undefined.


Overfull \vbox (3.04993pt too high) has occurred while \output is active []


[56]
./ex_article.tex:3492: Undefined control sequence.
<argument> ...it} \D (\vs _k, \vt _l) &\triangleq 
                                                  \left | E[\vs _k(\xs )] - ...
l.3492 \end{split}
                  
The control sequence at the end of the top line
of your error message was never \def'ed. If you have
misspelled it (e.g., `\hobx'), type `I' and the correct
spelling (e.g., `I\hbox'). Otherwise just continue,
and I'll forget about whatever was undefined.

./ex_article.tex:3492: Undefined control sequence.
<argument> ...\\ \hD (\vs _k, \vt _l) &\triangleq 
                                                  \left | \frac {1}{\Ns } \s...
l.3492 \end{split}
                  
The control sequence at the end of the top line
of your error message was never \def'ed. If you have
misspelled it (e.g., `\hobx'), type `I' and the correct
spelling (e.g., `I\hbox'). Otherwise just continue,
and I'll forget about whatever was undefined.

./ex_article.tex:3492: Undefined control sequence.
<argument> ...it} \D (\vs _k, \vt _l) &\triangleq 
                                                  \left | E[\vs _k(\xs )] - ...
l.3492 \end{split}
                  
The control sequence at the end of the top line
of your error message was never \def'ed. If you have
misspelled it (e.g., `\hobx'), type `I' and the correct
spelling (e.g., `I\hbox'). Otherwise just continue,
and I'll forget about whatever was undefined.

./ex_article.tex:3492: Undefined control sequence.
<argument> ...\\ \hD (\vs _k, \vt _l) &\triangleq 
                                                  \left | \frac {1}{\Ns } \s...
l.3492 \end{split}
                  
The control sequence at the end of the top line
of your error message was never \def'ed. If you have
misspelled it (e.g., `\hobx'), type `I' and the correct
spelling (e.g., `I\hbox'). Otherwise just continue,
and I'll forget about whatever was undefined.


Overfull \vbox (14.04993pt too high) has occurred while \output is active []


[57]
Overfull \vbox (3.04993pt too high) has occurred while \output is active []


[58]
Overfull \vbox (14.04993pt too high) has occurred while \output is active []


[59]
Overfull \vbox (3.04993pt too high) has occurred while \output is active []


[60] (latex_build/ex_article.bbl
Overfull \vbox (14.04993pt too high) has occurred while \output is active []


[61]
Underfull \vbox (badness 10000) has occurred while \output is active []


Overfull \vbox (3.04993pt too high) has occurred while \output is active []


[62]
Underfull \vbox (badness 10000) has occurred while \output is active []


Overfull \vbox (14.04993pt too high) has occurred while \output is active []


[63])
\tf@thm=\write4
\openout4 = `ex_article.thm'.


Overfull \vbox (3.04993pt too high) has occurred while \output is active []


[64] (latex_build/ex_article.aux)
 ***********
LaTeX2e <2023-11-01> patch level 1
L3 programming layer <2024-02-20>
 ***********
Package rerunfilecheck Info: File `ex_article.out' has not changed.
(rerunfilecheck)             Checksum: 960EC684AAE2C5AACCFACEA4449FFC92;8582.
 ) 
Here is how much of TeX's memory you used:
 16518 strings out of 474116
 269200 string characters out of 5743683
 1968187 words of memory out of 5000000
 36756 multiletter control sequences out of 15000+600000
 574512 words of font info for 96 fonts, out of 8000000 for 9000
 2715 hyphenation exceptions out of 8191
 89i,22n,96p,2336b,662s stack positions out of 10000i,1000n,20000p,200000b,200000s
</usr/local/texlive/2024/texmf-dist/fonts/type1/public/amsfonts/cm/cmbx10.pfb
></usr/local/texlive/2024/texmf-dist/fonts/type1/public/amsfonts/cm/cmbx8.pfb><
/usr/local/texlive/2024/texmf-dist/fonts/type1/public/amsfonts/cm/cmcsc10.pfb><
/usr/local/texlive/2024/texmf-dist/fonts/type1/public/amsfonts/cm/cmex10.pfb></
usr/local/texlive/2024/texmf-dist/fonts/type1/public/amsfonts/cm/cmmi10.pfb></u
sr/local/texlive/2024/texmf-dist/fonts/type1/public/amsfonts/cm/cmmi6.pfb></usr
/local/texlive/2024/texmf-dist/fonts/type1/public/amsfonts/cm/cmmi7.pfb></usr/l
ocal/texlive/2024/texmf-dist/fonts/type1/public/amsfonts/cm/cmmi8.pfb></usr/loc
al/texlive/2024/texmf-dist/fonts/type1/public/amsfonts/cm/cmmi9.pfb></usr/local
/texlive/2024/texmf-dist/fonts/type1/public/amsfonts/cm/cmmib10.pfb></usr/local
/texlive/2024/texmf-dist/fonts/type1/public/amsfonts/cmextra/cmmib8.pfb></usr/l
ocal/texlive/2024/texmf-dist/fonts/type1/public/amsfonts/cm/cmr10.pfb></usr/loc
al/texlive/2024/texmf-dist/fonts/type1/public/amsfonts/cm/cmr12.pfb></usr/local
/texlive/2024/texmf-dist/fonts/type1/public/amsfonts/cm/cmr6.pfb></usr/local/te
xlive/2024/texmf-dist/fonts/type1/public/amsfonts/cm/cmr7.pfb></usr/local/texli
ve/2024/texmf-dist/fonts/type1/public/amsfonts/cm/cmr8.pfb></usr/local/texlive/
2024/texmf-dist/fonts/type1/public/amsfonts/cm/cmr9.pfb></usr/local/texlive/202
4/texmf-dist/fonts/type1/public/amsfonts/cm/cmss10.pfb></usr/local/texlive/2024
/texmf-dist/fonts/type1/public/amsfonts/cm/cmss9.pfb></usr/local/texlive/2024/t
exmf-dist/fonts/type1/public/amsfonts/cm/cmssbx10.pfb></usr/local/texlive/2024/
texmf-dist/fonts/type1/public/amsfonts/cm/cmsy10.pfb></usr/local/texlive/2024/t
exmf-dist/fonts/type1/public/amsfonts/cm/cmsy6.pfb></usr/local/texlive/2024/tex
mf-dist/fonts/type1/public/amsfonts/cm/cmsy7.pfb></usr/local/texlive/2024/texmf
-dist/fonts/type1/public/amsfonts/cm/cmsy8.pfb></usr/local/texlive/2024/texmf-d
ist/fonts/type1/public/amsfonts/cm/cmsy9.pfb></usr/local/texlive/2024/texmf-dis
t/fonts/type1/public/amsfonts/cm/cmti10.pfb></usr/local/texlive/2024/texmf-dist
/fonts/type1/public/amsfonts/cm/cmti9.pfb></usr/local/texlive/2024/texmf-dist/f
onts/type1/public/amsfonts/euler/eufm10.pfb></usr/local/texlive/2024/texmf-dist
/fonts/type1/public/amsfonts/euler/eufm7.pfb></usr/local/texlive/2024/texmf-dis
t/fonts/type1/public/amsfonts/symbols/msbm10.pfb></usr/local/texlive/2024/texmf
-dist/fonts/type1/urw/times/utmr8a.pfb>
Output written on latex_build/ex_article.pdf (64 pages, 1836004 bytes).
PDF statistics:
 2697 PDF objects out of 2984 (max. 8388607)
 2041 compressed objects within 21 object streams
 338 named destinations out of 1000 (max. 500000)
 418 words of extra memory for PDF output out of 10000 (max. 10000000)

