\BOOKMARK [1][-]{theorem.2}{\376\377\000T\000e\000c\000h\000n\000i\000c\000a\000l\000\040\000l\000e\000m\000m\000a\000s\000\040\000a\000n\000d\000\040\000p\000r\000o\000o\000f\000s}{}% 1
\BOOKMARK [1][-]{section.56}{\376\377\000D\000i\000s\000c\000u\000s\000s\000i\000o\000n\000\040\000o\000f\000\040\000t\000h\000e\000\040\000r\000e\000s\000u\000l\000t\000s\000\040\000i\000n\000\040\000r\000e\000l\000a\000t\000i\000o\000n\000\040\000w\000i\000t\000h\000\040\000p\000r\000e\000v\000i\000o\000u\000s\000\040\000l\000i\000t\000e\000r\000a\000t\000u\000r\000e}{}% 2
\BOOKMARK [2][-]{subsection.57}{\376\377\000E\000f\000f\000e\000c\000t\000\040\000o\000f\000\040\000d\000o\000m\000a\000i\000n\000\040\000d\000i\000s\000c\000r\000e\000p\000a\000n\000c\000y\000\040\000o\000n\000\040\000g\000e\000n\000e\000r\000a\000l\000i\000z\000a\000t\000i\000o\000n\000\040\000p\000e\000r\000f\000o\000r\000m\000a\000n\000c\000e}{section.56}% 3
\BOOKMARK [2][-]{subsection.59}{\376\377\000P\000e\000r\000f\000o\000r\000m\000a\000n\000c\000e\000\040\000b\000o\000u\000n\000d\000s\000\040\000f\000o\000r\000\040\000d\000o\000m\000a\000i\000n\000\040\000a\000l\000i\000g\000n\000m\000e\000n\000t\000\040\000a\000l\000g\000o\000r\000i\000t\000h\000m\000s}{section.56}% 4
\BOOKMARK [2][-]{subsection.61}{\376\377\000S\000a\000m\000p\000l\000e\000\040\000c\000o\000m\000p\000l\000e\000x\000i\000t\000y\000\040\000o\000f\000\040\000n\000e\000u\000r\000a\000l\000\040\000n\000e\000t\000w\000o\000r\000k\000s\000\040\000i\000n\000\040\000a\000\040\000s\000i\000n\000g\000l\000e\000\040\000d\000o\000m\000a\000i\000n}{section.56}% 5
\BOOKMARK [1][-]{section.64}{\376\377\000D\000e\000t\000a\000i\000l\000e\000d\000\040\000e\000x\000p\000e\000r\000i\000m\000e\000n\000t\000a\000l\000\040\000r\000e\000s\000u\000l\000t\000s}{}% 6
\BOOKMARK [2][-]{subsection.65}{\376\377\000G\000e\000n\000e\000r\000a\000l\000\040\000d\000o\000m\000a\000i\000n\000\040\000a\000l\000i\000g\000n\000m\000e\000n\000t\000\040\000m\000e\000t\000h\000o\000d\000s\000:\000\040\000D\000e\000t\000a\000i\000l\000e\000d\000\040\000s\000e\000t\000u\000p\000\040\000a\000n\000d\000\040\000r\000e\000s\000u\000l\000t\000s}{section.64}% 7
\BOOKMARK [3][-]{subsubsection.66}{\376\377\000S\000y\000n\000t\000h\000e\000t\000i\000c\000\040\000d\000a\000t\000a\000\040\000e\000x\000p\000e\000r\000i\000m\000e\000n\000t\000s}{subsection.65}% 8
\BOOKMARK [3][-]{subsubsection.67}{\376\377\000M\000I\000T\000-\000C\000B\000C\000L\000\040\000f\000a\000c\000e\000\040\000r\000e\000c\000o\000g\000n\000i\000t\000i\000o\000n\000\040\000e\000x\000p\000e\000r\000i\000m\000e\000n\000t\000s}{subsection.65}% 9
\BOOKMARK [2][-]{subsection.68}{\376\377\000D\000o\000m\000a\000i\000n\000-\000a\000d\000a\000p\000t\000i\000v\000e\000\040\000n\000e\000u\000r\000a\000l\000\040\000n\000e\000t\000w\000o\000r\000k\000s\000:\000\040\000D\000e\000t\000a\000i\000l\000e\000d\000\040\000s\000e\000t\000u\000p\000\040\000a\000n\000d\000\040\000r\000e\000s\000u\000l\000t\000s}{section.64}% 10
\BOOKMARK [3][-]{subsubsection.69}{\376\377\000E\000x\000p\000e\000r\000i\000m\000e\000n\000t\000a\000l\000\040\000m\000e\000t\000h\000o\000d\000o\000l\000o\000g\000y}{subsection.68}% 11
\BOOKMARK [3][-]{subsubsection.70}{\376\377\000M\000M\000D\000-\000b\000a\000s\000e\000d\000\040\000d\000o\000m\000a\000i\000n\000\040\000a\000d\000a\000p\000t\000a\000t\000i\000o\000n\000\040\000n\000e\000t\000w\000o\000r\000k\000s}{subsection.68}% 12
\BOOKMARK [3][-]{subsubsection.78}{\376\377\000A\000d\000v\000e\000r\000s\000a\000r\000i\000a\000l\000\040\000d\000o\000m\000a\000i\000n\000\040\000a\000d\000a\000p\000t\000a\000t\000i\000o\000n\000\040\000n\000e\000t\000w\000o\000r\000k\000s}{subsection.68}% 13
\BOOKMARK [1][-]{section.85}{\376\377\000D\000e\000r\000i\000v\000a\000t\000i\000o\000n\000\040\000o\000f\000\040\000L\000i\000p\000s\000c\000h\000i\000t\000z\000\040\000c\000o\000n\000s\000t\000a\000n\000t\000s\000\040\000f\000o\000r\000\040\000c\000o\000m\000m\000o\000n\000\040\000n\000o\000n\000l\000i\000n\000e\000a\000r\000\040\000a\000c\000t\000i\000v\000a\000t\000i\000o\000n\000\040\000f\000u\000n\000c\000t\000i\000o\000n\000s}{}% 14
\BOOKMARK [2][-]{subsection.86}{\376\377\000R\000e\000L\000U\000\040\000a\000c\000t\000i\000v\000a\000t\000i\000o\000n}{section.85}% 15
\BOOKMARK [2][-]{subsection.89}{\376\377\000S\000o\000f\000t\000p\000l\000u\000s\000\040\000a\000c\000t\000i\000v\000a\000t\000i\000o\000n}{section.85}% 16
\BOOKMARK [2][-]{subsection.94}{\376\377\000S\000o\000f\000t\000m\000a\000x\000\040\000a\000c\000t\000i\000v\000a\000t\000i\000o\000n}{section.85}% 17
\BOOKMARK [1][-]{proof.100}{\376\377\000P\000r\000o\000o\000f\000\040\000o\000f\000\040\000C\000o\000r\000o\000l\000l\000a\000r\000y\000\040\0003\000.\0005}{}% 18
\BOOKMARK [1][-]{proof.106}{\376\377\000P\000r\000o\000o\000f\000\040\000o\000f\000\040\000T\000h\000e\000o\000r\000e\000m\000\040\0003\000.\0006}{}% 19
\BOOKMARK [1][-]{section.108}{\376\377\000D\000e\000r\000i\000v\000a\000t\000i\000o\000n\000\040\000o\000f\000\040\000t\000h\000e\000\040\000b\000o\000u\000n\000d\000\040\000a\000n\000d\000\040\000t\000h\000e\000\040\000L\000i\000p\000s\000c\000h\000i\000t\000z\000\040\000c\000o\000n\000s\000t\000a\000n\000t\000\040\000f\000o\000r\000\040\000t\000h\000e\000\040\000c\000r\000o\000s\000s\000-\000e\000n\000t\000r\000o\000p\000y\000\040\000l\000o\000s\000s}{}% 20
\BOOKMARK [1][-]{proof.112}{\376\377\000P\000r\000o\000o\000f\000\040\000o\000f\000\040\000T\000h\000e\000o\000r\000e\000m\000\040\0003\000.\0001\0001}{}% 21
